#
# There is insufficient memory for the Java Runtime Environment to continue.
# Native memory allocation (malloc) failed to allocate 996176 bytes for Chunk::new
# Possible reasons:
#   The system is out of physical RAM or swap space
#   The process is running with CompressedOops enabled, and the Java Heap may be blocking the growth of the native heap
# Possible solutions:
#   Reduce memory load on the system
#   Increase physical memory or swap space
#   Check if swap backing store is full
#   Decrease Java heap size (-Xmx/-Xms)
#   Decrease number of Java threads
#   Decrease Java thread stack sizes (-Xss)
#   Set larger code cache with -XX:ReservedCodeCacheSize=
#   JVM is running with Unscaled Compressed Oops mode in which the Java heap is
#     placed in the first 4GB address space. The Java Heap base address is the
#     maximum limit for the native heap growth. Please use -XX:HeapBaseMinAddress
#     to set the Java Heap base and to place the Java Heap above 4GB virtual address.
# This output file may be truncated or incomplete.
#
#  Out of Memory Error (./src/hotspot/share/memory/arena.cpp:197), pid=229164, tid=209440
#
# JRE version: OpenJDK Runtime Environment (11.0.13) (build 11.0.13+0-b1751.21-8125866)
# Java VM: OpenJDK 64-Bit Server VM (11.0.13+0-b1751.21-8125866, mixed mode, tiered, compressed oops, g1 gc, windows-amd64)
# No core dump will be written. Minidumps are not enabled by default on client versions of Windows
#

---------------  S U M M A R Y ------------

Command Line: --add-opens=java.base/java.util=ALL-UNNAMED --add-opens=java.base/java.lang=ALL-UNNAMED --add-opens=java.base/java.lang.invoke=ALL-UNNAMED --add-opens=java.base/java.util=ALL-UNNAMED --add-opens=java.prefs/java.util.prefs=ALL-UNNAMED --add-opens=java.prefs/java.util.prefs=ALL-UNNAMED --add-opens=java.base/java.nio.charset=ALL-UNNAMED --add-opens=java.base/java.net=ALL-UNNAMED --add-opens=java.base/java.util.concurrent.atomic=ALL-UNNAMED -Xmx2048m -Dfile.encoding=UTF-8 -Duser.country=GB -Duser.language=en -Duser.variant org.gradle.launcher.daemon.bootstrap.GradleDaemon 7.4

Host: 11th Gen Intel(R) Core(TM) i7-11390H @ 3.40GHz, 8 cores, 15G,  Windows 11 , 64 bit Build 22621 (10.0.22621.1194)
Time: Tue Apr 11 11:36:36 2023 GMT Daylight Time elapsed time: 16.638311 seconds (0d 0h 0m 16s)

---------------  T H R E A D  ---------------

Current thread (0x0000023218c3a800):  JavaThread "C2 CompilerThread1" daemon [_thread_in_native, id=209440, stack(0x000000da99f00000,0x000000da9a000000)]


Current CompileTask:
C2:  16638 11384       4       org.gradle.api.internal.artifacts.transform.ConsumerProvidedVariantFinder::matchAttributes (68 bytes)

Stack: [0x000000da99f00000,0x000000da9a000000]
Native frames: (J=compiled Java code, j=interpreted, Vv=VM code, C=native code)
V  [jvm.dll+0x6100fa]
V  [jvm.dll+0x747090]
V  [jvm.dll+0x7486ad]
V  [jvm.dll+0x748d83]
V  [jvm.dll+0x24ab48]
V  [jvm.dll+0xc04dc]
V  [jvm.dll+0xc0a0c]
V  [jvm.dll+0x2bfab4]
V  [jvm.dll+0x524238]
V  [jvm.dll+0x20b193]
V  [jvm.dll+0x204ca0]
V  [jvm.dll+0x2023c2]
V  [jvm.dll+0x188e01]
V  [jvm.dll+0x21106b]
V  [jvm.dll+0x20f8c1]
V  [jvm.dll+0x70de0f]
V  [jvm.dll+0x706a75]
V  [jvm.dll+0x60ed66]
C  [ucrtbase.dll+0x29363]
C  [KERNEL32.DLL+0x126bd]
C  [ntdll.dll+0x5dfb8]


---------------  P R O C E S S  ---------------

Threads class SMR info:
_java_thread_list=0x00000232198eaea0, length=136, elements={
0x000002327b469800, 0x00000232161b9000, 0x00000232161c3800, 0x0000023216211800,
0x0000023216214800, 0x0000023216215800, 0x0000023216224000, 0x000002321622a800,
0x000002321622d800, 0x000002321638e800, 0x00000232187d8000, 0x00000232182cf000,
0x0000023218080800, 0x0000023218446800, 0x000002321649e800, 0x0000023218164000,
0x0000023218533800, 0x0000023218ab5800, 0x0000023218db1800, 0x00000232181db800,
0x0000023218d11800, 0x0000023218d0c000, 0x0000023218d0c800, 0x0000023218d11000,
0x0000023218d0e800, 0x0000023218d0d800, 0x0000023218d0f000, 0x0000023218d12800,
0x0000023218d10000, 0x000002321be50800, 0x000002321be4c000, 0x000002321be4e000,
0x000002321be51000, 0x000002321be4b800, 0x000002321be4f800, 0x000002321be52000,
0x000002321be53000, 0x000002321be4d000, 0x000002321be54800, 0x000002321be55000,
0x000002321be59800, 0x000002321be56000, 0x000002321be53800, 0x000002321be57000,
0x000002321be5a000, 0x000002321be57800, 0x000002321be58800, 0x0000023217c7f000,
0x0000023217c80000, 0x0000023217c7d800, 0x0000023217c80800, 0x0000023217c7e000,
0x0000023217c81800, 0x0000023217c7c000, 0x0000023217c82800, 0x0000023217c7c800,
0x0000023217c85800, 0x0000023217c83000, 0x0000023217c86800, 0x0000023217c87000,
0x0000023217c88000, 0x0000023217c89000, 0x0000023217c89800, 0x0000023217c85000,
0x0000023217c84000, 0x0000023217c8a800, 0x000002321b459800, 0x000002321b458000,
0x000002321b45c000, 0x000002321b459000, 0x000002321b45a800, 0x000002321b45b800,
0x000002321b457800, 0x000002321b45d000, 0x000002321b45e000, 0x000002321b693000,
0x000002321b68f000, 0x000002321b695800, 0x000002321b694000, 0x000002321b695000,
0x000002321b690000, 0x000002321b692800, 0x000002321b696800, 0x000002321b691000,
0x000002321b697800, 0x000002321b691800, 0x000002321b698000, 0x000002321b69d000,
0x000002321b699000, 0x000002321b69b800, 0x000002321b699800, 0x000002321b69c000,
0x000002321b69a800, 0x000002321b69e000, 0x0000023219eff800, 0x0000023219efe000,
0x0000023219efe800, 0x0000023219ef9800, 0x0000023219efb800, 0x0000023219f00800,
0x0000023219efa800, 0x0000023219f01000, 0x0000023219f02000, 0x0000023219efd000,
0x0000023219efc000, 0x0000023219f02800, 0x0000023219f07000, 0x0000023219f06000,
0x0000023219f05000, 0x0000023219f03800, 0x0000023219f04800, 0x0000023219f07800,
0x0000023219f08800, 0x000002321cd60000, 0x000002321cd62800, 0x000002321cd63000,
0x000002321cd5d800, 0x000002321cd64000, 0x000002321cd61800, 0x000002321cd5e800,
0x000002321cd65000, 0x000002321cd5f000, 0x000002321cd68000, 0x000002321cd6a800,
0x000002321cd65800, 0x000002321cd69000, 0x000002321cd67800, 0x000002321cd66800,
0x000002321cd69800, 0x000002321cd6b800, 0x000002321cd6c000, 0x000002321f4e6000,
0x0000023218c3a800, 0x000002321f4e1000, 0x000002321f4e2000, 0x000002321f4e4800
}

Java Threads: ( => current thread )
  0x000002327b469800 JavaThread "main" [_thread_blocked, id=226176, stack(0x000000da97900000,0x000000da97a00000)]
  0x00000232161b9000 JavaThread "Reference Handler" daemon [_thread_blocked, id=233004, stack(0x000000da98000000,0x000000da98100000)]
  0x00000232161c3800 JavaThread "Finalizer" daemon [_thread_blocked, id=229976, stack(0x000000da98100000,0x000000da98200000)]
  0x0000023216211800 JavaThread "Signal Dispatcher" daemon [_thread_blocked, id=66716, stack(0x000000da98200000,0x000000da98300000)]
  0x0000023216214800 JavaThread "Attach Listener" daemon [_thread_blocked, id=228316, stack(0x000000da98300000,0x000000da98400000)]
  0x0000023216215800 JavaThread "Service Thread" daemon [_thread_blocked, id=229536, stack(0x000000da98400000,0x000000da98500000)]
  0x0000023216224000 JavaThread "C2 CompilerThread0" daemon [_thread_in_native, id=230220, stack(0x000000da98500000,0x000000da98600000)]
  0x000002321622a800 JavaThread "C1 CompilerThread0" daemon [_thread_in_native, id=227040, stack(0x000000da98600000,0x000000da98700000)]
  0x000002321622d800 JavaThread "Sweeper thread" daemon [_thread_blocked, id=232600, stack(0x000000da98700000,0x000000da98800000)]
  0x000002321638e800 JavaThread "Common-Cleaner" daemon [_thread_blocked, id=222996, stack(0x000000da98800000,0x000000da98900000)]
  0x00000232187d8000 JavaThread "Daemon health stats" [_thread_blocked, id=226452, stack(0x000000da99100000,0x000000da99200000)]
  0x00000232182cf000 JavaThread "Incoming local TCP Connector on port 54687" [_thread_in_native, id=233008, stack(0x000000da98a00000,0x000000da98b00000)]
  0x0000023218080800 JavaThread "Daemon periodic checks" [_thread_blocked, id=216060, stack(0x000000da99000000,0x000000da99100000)]
  0x0000023218446800 JavaThread "Daemon" [_thread_blocked, id=225512, stack(0x000000da99200000,0x000000da99300000)]
  0x000002321649e800 JavaThread "Handler for socket connection from /127.0.0.1:54687 to /127.0.0.1:54688" [_thread_in_native, id=223020, stack(0x000000da99300000,0x000000da99400000)]
  0x0000023218164000 JavaThread "Cancel handler" [_thread_blocked, id=231792, stack(0x000000da99400000,0x000000da99500000)]
  0x0000023218533800 JavaThread "Daemon worker" [_thread_blocked, id=190040, stack(0x000000da99500000,0x000000da99600000)]
  0x0000023218ab5800 JavaThread "Asynchronous log dispatcher for DefaultDaemonConnection: socket connection from /127.0.0.1:54687 to /127.0.0.1:54688" [_thread_blocked, id=4984, stack(0x000000da99600000,0x000000da99700000)]
  0x0000023218db1800 JavaThread "Stdin handler" [_thread_blocked, id=224340, stack(0x000000da99700000,0x000000da99800000)]
  0x00000232181db800 JavaThread "Daemon client event forwarder" [_thread_blocked, id=215496, stack(0x000000da99800000,0x000000da99900000)]
  0x0000023218d11800 JavaThread "Cache worker for journal cache (C:\Program Files\Android\gradle-6.9.3-all\caches\journal-1)" [_thread_blocked, id=60384, stack(0x000000da99900000,0x000000da99a00000)]
  0x0000023218d0c000 JavaThread "File lock request listener" [_thread_in_native, id=218008, stack(0x000000da99a00000,0x000000da99b00000)]
  0x0000023218d0c800 JavaThread "Cache worker for file hash cache (C:\Program Files\Android\gradle-6.9.3-all\caches\7.4\fileHashes)" [_thread_blocked, id=230140, stack(0x000000da99b00000,0x000000da99c00000)]
  0x0000023218d11000 JavaThread "File watcher server" daemon [_thread_in_native, id=233244, stack(0x000000da9a100000,0x000000da9a200000)]
  0x0000023218d0e800 JavaThread "File watcher consumer" daemon [_thread_blocked, id=220400, stack(0x000000da9a200000,0x000000da9a300000)]
  0x0000023218d0d800 JavaThread "Cache worker for checksums cache (C:\Users\Monjolajesu\AndroidStudioProjects\fitnessapp_fyp\.gradle\7.4\checksums)" [_thread_blocked, id=232980, stack(0x000000da9a300000,0x000000da9a400000)]
  0x0000023218d0f000 JavaThread "Cache worker for cache directory md-rule (C:\Program Files\Android\gradle-6.9.3-all\caches\7.4\md-rule)" [_thread_blocked, id=226840, stack(0x000000da9a400000,0x000000da9a500000)]
  0x0000023218d12800 JavaThread "Cache worker for file hash cache (C:\Users\Monjolajesu\AndroidStudioProjects\fitnessapp_fyp\.gradle\7.4\fileHashes)" [_thread_blocked, id=18140, stack(0x000000da9a500000,0x000000da9a600000)]
  0x0000023218d10000 JavaThread "Cache worker for cache directory md-supplier (C:\Program Files\Android\gradle-6.9.3-all\caches\7.4\md-supplier)" [_thread_blocked, id=228008, stack(0x000000da9a600000,0x000000da9a700000)]
  0x000002321be50800 JavaThread "Cache worker for execution history cache (C:\Program Files\Android\gradle-6.9.3-all\caches\7.4\executionHistory)" [_thread_blocked, id=233848, stack(0x000000da9a700000,0x000000da9a800000)]
  0x000002321be4c000 JavaThread "jar transforms" [_thread_blocked, id=216656, stack(0x000000da9a800000,0x000000da9a900000)]
  0x000002321be4e000 JavaThread "Cache worker for file content cache (C:\Program Files\Android\gradle-6.9.3-all\caches\7.4\fileContent)" [_thread_blocked, id=229020, stack(0x000000da9a900000,0x000000da9aa00000)]
  0x000002321be51000 JavaThread "jar transforms Thread 2" [_thread_blocked, id=233888, stack(0x000000da9aa00000,0x000000da9ab00000)]
  0x000002321be4b800 JavaThread "Cache worker for dependencies-accessors (C:\Users\Monjolajesu\AndroidStudioProjects\fitnessapp_fyp\.gradle\7.4\dependencies-accessors)" [_thread_blocked, id=226628, stack(0x000000da9ab00000,0x000000da9ac00000)]
  0x000002321be4f800 JavaThread "jar transforms Thread 3" [_thread_blocked, id=224164, stack(0x000000da9ac00000,0x000000da9ad00000)]
  0x000002321be52000 JavaThread "Cache worker for Build Output Cleanup Cache (C:\Users\Monjolajesu\AndroidStudioProjects\fitnessapp_fyp\.gradle\buildOutputCleanup)" [_thread_blocked, id=232652, stack(0x000000da9ad00000,0x000000da9ae00000)]
  0x000002321be53000 JavaThread "Unconstrained build operations" [_thread_blocked, id=225748, stack(0x000000da9ae00000,0x000000da9af00000)]
  0x000002321be4d000 JavaThread "Unconstrained build operations Thread 2" [_thread_blocked, id=225684, stack(0x000000da9af00000,0x000000da9b000000)]
  0x000002321be54800 JavaThread "Unconstrained build operations Thread 3" [_thread_blocked, id=70984, stack(0x000000da9b000000,0x000000da9b100000)]
  0x000002321be55000 JavaThread "Unconstrained build operations Thread 4" [_thread_blocked, id=233764, stack(0x000000da9b100000,0x000000da9b200000)]
  0x000002321be59800 JavaThread "Unconstrained build operations Thread 5" [_thread_blocked, id=229572, stack(0x000000da9b200000,0x000000da9b300000)]
  0x000002321be56000 JavaThread "Unconstrained build operations Thread 6" [_thread_blocked, id=15876, stack(0x000000da9b300000,0x000000da9b400000)]
  0x000002321be53800 JavaThread "Unconstrained build operations Thread 7" [_thread_blocked, id=218524, stack(0x000000da9b400000,0x000000da9b500000)]
  0x000002321be57000 JavaThread "Unconstrained build operations Thread 8" [_thread_blocked, id=233736, stack(0x000000da9b500000,0x000000da9b600000)]
  0x000002321be5a000 JavaThread "Unconstrained build operations Thread 9" [_thread_blocked, id=219552, stack(0x000000da9b600000,0x000000da9b700000)]
  0x000002321be57800 JavaThread "Unconstrained build operations Thread 10" [_thread_blocked, id=19680, stack(0x000000da9b700000,0x000000da9b800000)]
  0x000002321be58800 JavaThread "Unconstrained build operations Thread 11" [_thread_blocked, id=221496, stack(0x000000da9b800000,0x000000da9b900000)]
  0x0000023217c7f000 JavaThread "Unconstrained build operations Thread 12" [_thread_blocked, id=227176, stack(0x000000da9b900000,0x000000da9ba00000)]
  0x0000023217c80000 JavaThread "Unconstrained build operations Thread 13" [_thread_blocked, id=209808, stack(0x000000da9ba00000,0x000000da9bb00000)]
  0x0000023217c7d800 JavaThread "Unconstrained build operations Thread 14" [_thread_blocked, id=230004, stack(0x000000da9bb00000,0x000000da9bc00000)]
  0x0000023217c80800 JavaThread "Unconstrained build operations Thread 15" [_thread_blocked, id=231608, stack(0x000000da9bc00000,0x000000da9bd00000)]
  0x0000023217c7e000 JavaThread "Unconstrained build operations Thread 16" [_thread_blocked, id=227960, stack(0x000000da9bd00000,0x000000da9be00000)]
  0x0000023217c81800 JavaThread "Unconstrained build operations Thread 17" [_thread_blocked, id=231552, stack(0x000000da9be00000,0x000000da9bf00000)]
  0x0000023217c7c000 JavaThread "Unconstrained build operations Thread 18" [_thread_blocked, id=231020, stack(0x000000da9bf00000,0x000000da9c000000)]
  0x0000023217c82800 JavaThread "Unconstrained build operations Thread 19" [_thread_blocked, id=226400, stack(0x000000da9c000000,0x000000da9c100000)]
  0x0000023217c7c800 JavaThread "Unconstrained build operations Thread 20" [_thread_blocked, id=233344, stack(0x000000da9c100000,0x000000da9c200000)]
  0x0000023217c85800 JavaThread "Unconstrained build operations Thread 21" [_thread_blocked, id=226424, stack(0x000000da9c200000,0x000000da9c300000)]
  0x0000023217c83000 JavaThread "Unconstrained build operations Thread 22" [_thread_blocked, id=225352, stack(0x000000da9c300000,0x000000da9c400000)]
  0x0000023217c86800 JavaThread "Unconstrained build operations Thread 23" [_thread_blocked, id=215700, stack(0x000000da9c400000,0x000000da9c500000)]
  0x0000023217c87000 JavaThread "Unconstrained build operations Thread 24" [_thread_blocked, id=233828, stack(0x000000da9c500000,0x000000da9c600000)]
  0x0000023217c88000 JavaThread "Unconstrained build operations Thread 25" [_thread_blocked, id=226192, stack(0x000000da9c600000,0x000000da9c700000)]
  0x0000023217c89000 JavaThread "Unconstrained build operations Thread 26" [_thread_blocked, id=227948, stack(0x000000da9c700000,0x000000da9c800000)]
  0x0000023217c89800 JavaThread "Unconstrained build operations Thread 27" [_thread_blocked, id=233288, stack(0x000000da9c800000,0x000000da9c900000)]
  0x0000023217c85000 JavaThread "Unconstrained build operations Thread 28" [_thread_blocked, id=233300, stack(0x000000da9c900000,0x000000da9ca00000)]
  0x0000023217c84000 JavaThread "Unconstrained build operations Thread 29" [_thread_blocked, id=233144, stack(0x000000da9ca00000,0x000000da9cb00000)]
  0x0000023217c8a800 JavaThread "Unconstrained build operations Thread 30" [_thread_blocked, id=233140, stack(0x000000da9cb00000,0x000000da9cc00000)]
  0x000002321b459800 JavaThread "Unconstrained build operations Thread 31" [_thread_blocked, id=233116, stack(0x000000da9cc00000,0x000000da9cd00000)]
  0x000002321b458000 JavaThread "Unconstrained build operations Thread 32" [_thread_blocked, id=233112, stack(0x000000da9cd00000,0x000000da9ce00000)]
  0x000002321b45c000 JavaThread "Unconstrained build operations Thread 33" [_thread_blocked, id=233108, stack(0x000000da9ce00000,0x000000da9cf00000)]
  0x000002321b459000 JavaThread "Unconstrained build operations Thread 34" [_thread_blocked, id=233120, stack(0x000000da9cf00000,0x000000da9d000000)]
  0x000002321b45a800 JavaThread "Unconstrained build operations Thread 35" [_thread_blocked, id=227616, stack(0x000000da9d000000,0x000000da9d100000)]
  0x000002321b45b800 JavaThread "Unconstrained build operations Thread 36" [_thread_blocked, id=227872, stack(0x000000da9d100000,0x000000da9d200000)]
  0x000002321b457800 JavaThread "Unconstrained build operations Thread 37" [_thread_blocked, id=181364, stack(0x000000da9d200000,0x000000da9d300000)]
  0x000002321b45d000 JavaThread "Unconstrained build operations Thread 38" [_thread_blocked, id=233292, stack(0x000000da9d300000,0x000000da9d400000)]
  0x000002321b45e000 JavaThread "Unconstrained build operations Thread 39" [_thread_blocked, id=233296, stack(0x000000da9d400000,0x000000da9d500000)]
  0x000002321b693000 JavaThread "Unconstrained build operations Thread 40" [_thread_blocked, id=233268, stack(0x000000da9d500000,0x000000da9d600000)]
  0x000002321b68f000 JavaThread "Unconstrained build operations Thread 41" [_thread_blocked, id=233156, stack(0x000000da9d600000,0x000000da9d700000)]
  0x000002321b695800 JavaThread "Unconstrained build operations Thread 42" [_thread_blocked, id=212192, stack(0x000000da9d700000,0x000000da9d800000)]
  0x000002321b694000 JavaThread "Unconstrained build operations Thread 43" [_thread_blocked, id=199524, stack(0x000000da9d800000,0x000000da9d900000)]
  0x000002321b695000 JavaThread "Unconstrained build operations Thread 44" [_thread_blocked, id=229876, stack(0x000000da9d900000,0x000000da9da00000)]
  0x000002321b690000 JavaThread "Unconstrained build operations Thread 45" [_thread_blocked, id=222616, stack(0x000000da9da00000,0x000000da9db00000)]
  0x000002321b692800 JavaThread "Unconstrained build operations Thread 46" [_thread_blocked, id=231276, stack(0x000000da9db00000,0x000000da9dc00000)]
  0x000002321b696800 JavaThread "Unconstrained build operations Thread 47" [_thread_blocked, id=233496, stack(0x000000da9dc00000,0x000000da9dd00000)]
  0x000002321b691000 JavaThread "Unconstrained build operations Thread 48" [_thread_blocked, id=230244, stack(0x000000da9dd00000,0x000000da9de00000)]
  0x000002321b697800 JavaThread "Unconstrained build operations Thread 49" [_thread_blocked, id=203036, stack(0x000000da9de00000,0x000000da9df00000)]
  0x000002321b691800 JavaThread "Unconstrained build operations Thread 50" [_thread_blocked, id=225056, stack(0x000000da9df00000,0x000000da9e000000)]
  0x000002321b698000 JavaThread "Unconstrained build operations Thread 51" [_thread_blocked, id=213660, stack(0x000000da9e000000,0x000000da9e100000)]
  0x000002321b69d000 JavaThread "Unconstrained build operations Thread 52" [_thread_blocked, id=234224, stack(0x000000da9e100000,0x000000da9e200000)]
  0x000002321b699000 JavaThread "Unconstrained build operations Thread 53" [_thread_blocked, id=227968, stack(0x000000da9e200000,0x000000da9e300000)]
  0x000002321b69b800 JavaThread "Unconstrained build operations Thread 54" [_thread_blocked, id=224112, stack(0x000000da9e300000,0x000000da9e400000)]
  0x000002321b699800 JavaThread "Unconstrained build operations Thread 55" [_thread_blocked, id=234000, stack(0x000000da9e400000,0x000000da9e500000)]
  0x000002321b69c000 JavaThread "Unconstrained build operations Thread 56" [_thread_blocked, id=227072, stack(0x000000da9e500000,0x000000da9e600000)]
  0x000002321b69a800 JavaThread "Unconstrained build operations Thread 57" [_thread_blocked, id=15436, stack(0x000000da9e600000,0x000000da9e700000)]
  0x000002321b69e000 JavaThread "Unconstrained build operations Thread 58" [_thread_blocked, id=199188, stack(0x000000da9e700000,0x000000da9e800000)]
  0x0000023219eff800 JavaThread "Unconstrained build operations Thread 59" [_thread_blocked, id=223104, stack(0x000000da9e800000,0x000000da9e900000)]
  0x0000023219efe000 JavaThread "Unconstrained build operations Thread 60" [_thread_blocked, id=232172, stack(0x000000da9e900000,0x000000da9ea00000)]
  0x0000023219efe800 JavaThread "Unconstrained build operations Thread 61" [_thread_blocked, id=227748, stack(0x000000da9ea00000,0x000000da9eb00000)]
  0x0000023219ef9800 JavaThread "Unconstrained build operations Thread 62" [_thread_blocked, id=232388, stack(0x000000da9eb00000,0x000000da9ec00000)]
  0x0000023219efb800 JavaThread "Unconstrained build operations Thread 63" [_thread_blocked, id=224352, stack(0x000000da9ec00000,0x000000da9ed00000)]
  0x0000023219f00800 JavaThread "Unconstrained build operations Thread 64" [_thread_blocked, id=224640, stack(0x000000da9ed00000,0x000000da9ee00000)]
  0x0000023219efa800 JavaThread "Unconstrained build operations Thread 65" [_thread_blocked, id=230840, stack(0x000000da9ee00000,0x000000da9ef00000)]
  0x0000023219f01000 JavaThread "Unconstrained build operations Thread 66" [_thread_blocked, id=232716, stack(0x000000da9ef00000,0x000000da9f000000)]
  0x0000023219f02000 JavaThread "Unconstrained build operations Thread 67" [_thread_blocked, id=2172, stack(0x000000da9f000000,0x000000da9f100000)]
  0x0000023219efd000 JavaThread "Unconstrained build operations Thread 68" [_thread_blocked, id=227444, stack(0x000000da9f100000,0x000000da9f200000)]
  0x0000023219efc000 JavaThread "Unconstrained build operations Thread 69" [_thread_blocked, id=215976, stack(0x000000da9f200000,0x000000da9f300000)]
  0x0000023219f02800 JavaThread "Unconstrained build operations Thread 70" [_thread_blocked, id=232640, stack(0x000000da9f300000,0x000000da9f400000)]
  0x0000023219f07000 JavaThread "Unconstrained build operations Thread 71" [_thread_blocked, id=212508, stack(0x000000da9f400000,0x000000da9f500000)]
  0x0000023219f06000 JavaThread "Unconstrained build operations Thread 72" [_thread_blocked, id=7248, stack(0x000000da9f500000,0x000000da9f600000)]
  0x0000023219f05000 JavaThread "Unconstrained build operations Thread 73" [_thread_blocked, id=225620, stack(0x000000da9f600000,0x000000da9f700000)]
  0x0000023219f03800 JavaThread "Unconstrained build operations Thread 74" [_thread_blocked, id=229464, stack(0x000000da9f700000,0x000000da9f800000)]
  0x0000023219f04800 JavaThread "Unconstrained build operations Thread 75" [_thread_blocked, id=222660, stack(0x000000da9f800000,0x000000da9f900000)]
  0x0000023219f07800 JavaThread "Unconstrained build operations Thread 76" [_thread_blocked, id=211020, stack(0x000000da9f900000,0x000000da9fa00000)]
  0x0000023219f08800 JavaThread "Unconstrained build operations Thread 77" [_thread_blocked, id=13132, stack(0x000000da9fa00000,0x000000da9fb00000)]
  0x000002321cd60000 JavaThread "Unconstrained build operations Thread 78" [_thread_blocked, id=233092, stack(0x000000da9fb00000,0x000000da9fc00000)]
  0x000002321cd62800 JavaThread "Unconstrained build operations Thread 79" [_thread_blocked, id=225852, stack(0x000000da9fc00000,0x000000da9fd00000)]
  0x000002321cd63000 JavaThread "Unconstrained build operations Thread 80" [_thread_blocked, id=229980, stack(0x000000da9fd00000,0x000000da9fe00000)]
  0x000002321cd5d800 JavaThread "jar transforms Thread 4" [_thread_blocked, id=211312, stack(0x000000da9fe00000,0x000000da9ff00000)]
  0x000002321cd64000 JavaThread "jar transforms Thread 5" [_thread_blocked, id=217008, stack(0x000000da9ff00000,0x000000daa0000000)]
  0x000002321cd61800 JavaThread "jar transforms Thread 6" [_thread_blocked, id=229344, stack(0x000000daa0000000,0x000000daa0100000)]
  0x000002321cd5e800 JavaThread "jar transforms Thread 7" [_thread_blocked, id=227512, stack(0x000000daa0100000,0x000000daa0200000)]
  0x000002321cd65000 JavaThread "jar transforms Thread 8" [_thread_blocked, id=224804, stack(0x000000daa0200000,0x000000daa0300000)]
  0x000002321cd5f000 JavaThread "Memory manager" [_thread_blocked, id=216860, stack(0x000000daa0300000,0x000000daa0400000)]
  0x000002321cd68000 JavaThread "build event listener" [_thread_blocked, id=226344, stack(0x000000daa0400000,0x000000daa0500000)]
  0x000002321cd6a800 JavaThread "included builds" [_thread_blocked, id=17232, stack(0x000000daa0500000,0x000000daa0600000)]
  0x000002321cd65800 JavaThread "Execution worker for ':'" [_thread_blocked, id=220600, stack(0x000000daa0600000,0x000000daa0700000)]
  0x000002321cd69000 JavaThread "Execution worker for ':' Thread 2" [_thread_blocked, id=218860, stack(0x000000daa0700000,0x000000daa0800000)]
  0x000002321cd67800 JavaThread "Execution worker for ':' Thread 3" [_thread_blocked, id=211060, stack(0x000000daa0800000,0x000000daa0900000)]
  0x000002321cd66800 JavaThread "Execution worker for ':' Thread 4" [_thread_blocked, id=193012, stack(0x000000daa0900000,0x000000daa0a00000)]
  0x000002321cd69800 JavaThread "Execution worker for ':' Thread 5" [_thread_blocked, id=213304, stack(0x000000daa0a00000,0x000000daa0b00000)]
  0x000002321cd6b800 JavaThread "Execution worker for ':' Thread 6" [_thread_blocked, id=215796, stack(0x000000daa0b00000,0x000000daa0c00000)]
  0x000002321cd6c000 JavaThread "Execution worker for ':' Thread 7" [_thread_blocked, id=18988, stack(0x000000daa0c00000,0x000000daa0d00000)]
  0x000002321f4e6000 JavaThread "Cache worker for execution history cache (C:\Users\Monjolajesu\AndroidStudioProjects\fitnessapp_fyp\.gradle\7.4\executionHistory)" [_thread_in_native, id=228136, stack(0x000000daa0d00000,0x000000daa0e00000)]
=>0x0000023218c3a800 JavaThread "C2 CompilerThread1" daemon [_thread_in_native, id=209440, stack(0x000000da99f00000,0x000000da9a000000)]
  0x000002321f4e1000 JavaThread "WorkerExecutor Queue" [_thread_in_native, id=225324, stack(0x000000da9a000000,0x000000da9a100000)]
  0x000002321f4e2000 JavaThread "WorkerExecutor Queue Thread 2" [_thread_blocked, id=229440, stack(0x000000daa0e00000,0x000000daa0f00000)]
  0x000002321f4e4800 JavaThread "WorkerExecutor Queue Thread 3" [_thread_in_native, id=215720, stack(0x000000daa0f00000,0x000000daa1000000)]
  0x000002321f4e3000 JavaThread "WorkerExecutor Queue Thread 4" [_thread_blocked, id=212920, stack(0x000000daa1000000,0x000000daa1100000)]

Other Threads:
  0x00000232161b1800 VMThread "VM Thread" [stack: 0x000000da97f00000,0x000000da98000000] [id=219084]
  0x00000232163d3000 WatcherThread [stack: 0x000000da98900000,0x000000da98a00000] [id=221760]
  0x000002327b482000 GCTaskThread "GC Thread#0" [stack: 0x000000da97a00000,0x000000da97b00000] [id=12576]
  0x0000023217416800 GCTaskThread "GC Thread#1" [stack: 0x000000da98b00000,0x000000da98c00000] [id=230680]
  0x000002321711d000 GCTaskThread "GC Thread#2" [stack: 0x000000da98c00000,0x000000da98d00000] [id=226936]
  0x0000023217130000 GCTaskThread "GC Thread#3" [stack: 0x000000da98d00000,0x000000da98e00000] [id=231916]
  0x0000023216df8800 GCTaskThread "GC Thread#4" [stack: 0x000000da98e00000,0x000000da98f00000] [id=230604]
  0x0000023216cc8000 GCTaskThread "GC Thread#5" [stack: 0x000000da98f00000,0x000000da99000000] [id=230020]
  0x0000023216b76800 GCTaskThread "GC Thread#6" [stack: 0x000000da99c00000,0x000000da99d00000] [id=231580]
  0x000002321707b800 GCTaskThread "GC Thread#7" [stack: 0x000000da99d00000,0x000000da99e00000] [id=218304]
  0x000002327b4b7800 ConcurrentGCThread "G1 Main Marker" [stack: 0x000000da97b00000,0x000000da97c00000] [id=222384]
  0x000002327b4b9800 ConcurrentGCThread "G1 Conc#0" [stack: 0x000000da97c00000,0x000000da97d00000] [id=223304]
  0x0000023218e79800 ConcurrentGCThread "G1 Conc#1" [stack: 0x000000da99e00000,0x000000da99f00000] [id=232144]
  0x00000232157fe800 ConcurrentGCThread "G1 Refine#0" [stack: 0x000000da97d00000,0x000000da97e00000] [id=228912]
  0x00000232157ff000 ConcurrentGCThread "G1 Young RemSet Sampling" [stack: 0x000000da97e00000,0x000000da97f00000] [id=208036]

Threads with active compile tasks:
C2 CompilerThread0  16682 11437   !   4       java.util.concurrent.ConcurrentHashMap::putVal (432 bytes)
C1 CompilerThread0  16682 11485       3       sun.nio.fs.WindowsPath::hasDotOrDotDot (76 bytes)
C2 CompilerThread1  16682 11384       4       org.gradle.api.internal.artifacts.transform.ConsumerProvidedVariantFinder::matchAttributes (68 bytes)

VM state:not at safepoint (normal execution)

VM Mutex/Monitor currently owned by a thread: None

Heap address: 0x0000000080000000, size: 2048 MB, Compressed Oops mode: 32-bit
Narrow klass base: 0x0000000000000000, Narrow klass shift: 3
Compressed class space size: 1073741824 Address: 0x0000000100000000

Heap:
 garbage-first heap   total 258048K, used 132688K [0x0000000080000000, 0x0000000100000000)
  region size 1024K, 50 young (51200K), 7 survivors (7168K)
 Metaspace       used 90474K, capacity 92848K, committed 93096K, reserved 1130496K
  class space    used 11691K, capacity 12591K, committed 12620K, reserved 1048576K
Heap Regions: E=young(eden), S=young(survivor), O=old, HS=humongous(starts), HC=humongous(continues), CS=collection set, F=free, A=archive, TAMS=top-at-mark-start (previous, next)
|   0|0x0000000080000000, 0x0000000080100000, 0x0000000080100000|100%| O|  |TAMS 0x0000000080100000, 0x0000000080000000| Untracked 
|   1|0x0000000080100000, 0x0000000080200000, 0x0000000080200000|100%| O|  |TAMS 0x0000000080200000, 0x0000000080100000| Untracked 
|   2|0x0000000080200000, 0x0000000080300000, 0x0000000080300000|100%| O|  |TAMS 0x0000000080300000, 0x0000000080200000| Untracked 
|   3|0x0000000080300000, 0x0000000080400000, 0x0000000080400000|100%|HS|  |TAMS 0x0000000080400000, 0x0000000080300000| Complete 
|   4|0x0000000080400000, 0x0000000080500000, 0x0000000080500000|100%|HC|  |TAMS 0x0000000080500000, 0x0000000080400000| Complete 
|   5|0x0000000080500000, 0x0000000080600000, 0x0000000080600000|100%|HC|  |TAMS 0x0000000080600000, 0x0000000080500000| Complete 
|   6|0x0000000080600000, 0x0000000080700000, 0x0000000080700000|100%| O|  |TAMS 0x0000000080700000, 0x0000000080600000| Untracked 
|   7|0x0000000080700000, 0x0000000080800000, 0x0000000080800000|100%| O|  |TAMS 0x0000000080800000, 0x0000000080700000| Untracked 
|   8|0x0000000080800000, 0x0000000080900000, 0x0000000080900000|100%| O|  |TAMS 0x0000000080900000, 0x0000000080800000| Untracked 
|   9|0x0000000080900000, 0x0000000080a00000, 0x0000000080a00000|100%| O|  |TAMS 0x0000000080a00000, 0x0000000080900000| Untracked 
|  10|0x0000000080a00000, 0x0000000080b00000, 0x0000000080b00000|100%| O|  |TAMS 0x0000000080b00000, 0x0000000080a00000| Untracked 
|  11|0x0000000080b00000, 0x0000000080c00000, 0x0000000080c00000|100%| O|  |TAMS 0x0000000080c00000, 0x0000000080b00000| Untracked 
|  12|0x0000000080c00000, 0x0000000080d00000, 0x0000000080d00000|100%| O|  |TAMS 0x0000000080d00000, 0x0000000080c00000| Untracked 
|  13|0x0000000080d00000, 0x0000000080e00000, 0x0000000080e00000|100%| O|  |TAMS 0x0000000080e00000, 0x0000000080d00000| Untracked 
|  14|0x0000000080e00000, 0x0000000080f00000, 0x0000000080f00000|100%| O|  |TAMS 0x0000000080f00000, 0x0000000080e00000| Untracked 
|  15|0x0000000080f00000, 0x0000000081000000, 0x0000000081000000|100%| O|  |TAMS 0x0000000081000000, 0x0000000080f00000| Untracked 
|  16|0x0000000081000000, 0x0000000081100000, 0x0000000081100000|100%| O|  |TAMS 0x0000000081100000, 0x0000000081000000| Untracked 
|  17|0x0000000081100000, 0x0000000081200000, 0x0000000081200000|100%|HS|  |TAMS 0x0000000081200000, 0x0000000081100000| Complete 
|  18|0x0000000081200000, 0x0000000081300000, 0x0000000081300000|100%|HS|  |TAMS 0x0000000081300000, 0x0000000081200000| Complete 
|  19|0x0000000081300000, 0x0000000081400000, 0x0000000081400000|100%| O|  |TAMS 0x0000000081400000, 0x0000000081300000| Untracked 
|  20|0x0000000081400000, 0x0000000081500000, 0x0000000081500000|100%|HS|  |TAMS 0x0000000081500000, 0x0000000081400000| Complete 
|  21|0x0000000081500000, 0x0000000081600000, 0x0000000081600000|100%|HC|  |TAMS 0x0000000081600000, 0x0000000081500000| Complete 
|  22|0x0000000081600000, 0x0000000081700000, 0x0000000081700000|100%| O|  |TAMS 0x0000000081700000, 0x0000000081600000| Untracked 
|  23|0x0000000081700000, 0x0000000081800000, 0x0000000081800000|100%| O|  |TAMS 0x0000000081800000, 0x0000000081700000| Untracked 
|  24|0x0000000081800000, 0x0000000081900000, 0x0000000081900000|100%| O|  |TAMS 0x0000000081900000, 0x0000000081800000| Untracked 
|  25|0x0000000081900000, 0x0000000081a00000, 0x0000000081a00000|100%| O|  |TAMS 0x0000000081a00000, 0x0000000081900000| Untracked 
|  26|0x0000000081a00000, 0x0000000081b00000, 0x0000000081b00000|100%| O|  |TAMS 0x0000000081b00000, 0x0000000081a00000| Untracked 
|  27|0x0000000081b00000, 0x0000000081c00000, 0x0000000081c00000|100%| O|  |TAMS 0x0000000081c00000, 0x0000000081b00000| Untracked 
|  28|0x0000000081c00000, 0x0000000081d00000, 0x0000000081d00000|100%| O|  |TAMS 0x0000000081d00000, 0x0000000081c00000| Untracked 
|  29|0x0000000081d00000, 0x0000000081e00000, 0x0000000081e00000|100%| O|  |TAMS 0x0000000081e00000, 0x0000000081d00000| Untracked 
|  30|0x0000000081e00000, 0x0000000081f00000, 0x0000000081f00000|100%| O|  |TAMS 0x0000000081f00000, 0x0000000081e00000| Untracked 
|  31|0x0000000081f00000, 0x0000000082000000, 0x0000000082000000|100%| O|  |TAMS 0x0000000082000000, 0x0000000081f00000| Untracked 
|  32|0x0000000082000000, 0x0000000082100000, 0x0000000082100000|100%| O|  |TAMS 0x0000000082100000, 0x0000000082000000| Untracked 
|  33|0x0000000082100000, 0x0000000082200000, 0x0000000082200000|100%| O|  |TAMS 0x0000000082200000, 0x0000000082100000| Untracked 
|  34|0x0000000082200000, 0x0000000082300000, 0x0000000082300000|100%| O|  |TAMS 0x0000000082300000, 0x0000000082200000| Untracked 
|  35|0x0000000082300000, 0x0000000082400000, 0x0000000082400000|100%| O|  |TAMS 0x0000000082400000, 0x0000000082300000| Untracked 
|  36|0x0000000082400000, 0x0000000082500000, 0x0000000082500000|100%| O|  |TAMS 0x0000000082500000, 0x0000000082400000| Untracked 
|  37|0x0000000082500000, 0x0000000082600000, 0x0000000082600000|100%| O|  |TAMS 0x0000000082600000, 0x0000000082500000| Untracked 
|  38|0x0000000082600000, 0x0000000082700000, 0x0000000082700000|100%| O|  |TAMS 0x0000000082700000, 0x0000000082600000| Untracked 
|  39|0x0000000082700000, 0x0000000082800000, 0x0000000082800000|100%| O|  |TAMS 0x0000000082800000, 0x0000000082700000| Untracked 
|  40|0x0000000082800000, 0x0000000082900000, 0x0000000082900000|100%| O|  |TAMS 0x0000000082900000, 0x0000000082800000| Untracked 
|  41|0x0000000082900000, 0x0000000082a00000, 0x0000000082a00000|100%| O|  |TAMS 0x0000000082a00000, 0x0000000082900000| Untracked 
|  42|0x0000000082a00000, 0x0000000082b00000, 0x0000000082b00000|100%| O|  |TAMS 0x0000000082b00000, 0x0000000082a00000| Untracked 
|  43|0x0000000082b00000, 0x0000000082c00000, 0x0000000082c00000|100%| O|  |TAMS 0x0000000082b00000, 0x0000000082b00000| Untracked 
|  44|0x0000000082c00000, 0x0000000082d00000, 0x0000000082d00000|100%| O|  |TAMS 0x0000000082c00000, 0x0000000082c00000| Untracked 
|  45|0x0000000082d00000, 0x0000000082e00000, 0x0000000082e00000|100%| O|  |TAMS 0x0000000082d00000, 0x0000000082d00000| Untracked 
|  46|0x0000000082e00000, 0x0000000082f00000, 0x0000000082f00000|100%| O|  |TAMS 0x0000000082e00000, 0x0000000082e00000| Untracked 
|  47|0x0000000082f00000, 0x0000000083000000, 0x0000000083000000|100%| O|  |TAMS 0x0000000082f00000, 0x0000000082f00000| Untracked 
|  48|0x0000000083000000, 0x0000000083100000, 0x0000000083100000|100%| O|  |TAMS 0x0000000083000000, 0x0000000083000000| Untracked 
|  49|0x0000000083100000, 0x0000000083200000, 0x0000000083200000|100%| O|  |TAMS 0x0000000083100000, 0x0000000083100000| Untracked 
|  50|0x0000000083200000, 0x0000000083300000, 0x0000000083300000|100%| O|  |TAMS 0x0000000083200000, 0x0000000083200000| Untracked 
|  51|0x0000000083300000, 0x0000000083400000, 0x0000000083400000|100%| O|  |TAMS 0x0000000083300000, 0x0000000083300000| Untracked 
|  52|0x0000000083400000, 0x0000000083500000, 0x0000000083500000|100%| O|  |TAMS 0x0000000083400000, 0x0000000083400000| Untracked 
|  53|0x0000000083500000, 0x0000000083600000, 0x0000000083600000|100%| O|  |TAMS 0x0000000083500000, 0x0000000083500000| Untracked 
|  54|0x0000000083600000, 0x0000000083700000, 0x0000000083700000|100%| O|  |TAMS 0x0000000083600000, 0x0000000083600000| Untracked 
|  55|0x0000000083700000, 0x0000000083800000, 0x0000000083800000|100%| O|  |TAMS 0x0000000083700000, 0x0000000083700000| Untracked 
|  56|0x0000000083800000, 0x0000000083900000, 0x0000000083900000|100%| O|  |TAMS 0x0000000083800000, 0x0000000083800000| Untracked 
|  57|0x0000000083900000, 0x0000000083a00000, 0x0000000083a00000|100%| O|  |TAMS 0x0000000083900000, 0x0000000083900000| Untracked 
|  58|0x0000000083a00000, 0x0000000083b00000, 0x0000000083b00000|100%| O|  |TAMS 0x0000000083a00000, 0x0000000083a00000| Untracked 
|  59|0x0000000083b00000, 0x0000000083c00000, 0x0000000083c00000|100%| O|  |TAMS 0x0000000083b00000, 0x0000000083b00000| Untracked 
|  60|0x0000000083c00000, 0x0000000083d00000, 0x0000000083d00000|100%| O|  |TAMS 0x0000000083c00000, 0x0000000083c00000| Untracked 
|  61|0x0000000083d00000, 0x0000000083e00000, 0x0000000083e00000|100%| O|  |TAMS 0x0000000083d00000, 0x0000000083d00000| Untracked 
|  62|0x0000000083e00000, 0x0000000083f00000, 0x0000000083f00000|100%| O|  |TAMS 0x0000000083e00000, 0x0000000083e00000| Untracked 
|  63|0x0000000083f00000, 0x0000000084000000, 0x0000000084000000|100%| O|  |TAMS 0x0000000083f00000, 0x0000000083f00000| Untracked 
|  64|0x0000000084000000, 0x0000000084100000, 0x0000000084100000|100%| O|  |TAMS 0x0000000084000000, 0x0000000084000000| Untracked 
|  65|0x0000000084100000, 0x0000000084200000, 0x0000000084200000|100%| O|  |TAMS 0x0000000084100000, 0x0000000084100000| Untracked 
|  66|0x0000000084200000, 0x0000000084300000, 0x0000000084300000|100%| O|  |TAMS 0x0000000084200000, 0x0000000084200000| Untracked 
|  67|0x0000000084300000, 0x0000000084400000, 0x0000000084400000|100%| O|  |TAMS 0x0000000084300000, 0x0000000084300000| Untracked 
|  68|0x0000000084400000, 0x0000000084500000, 0x0000000084500000|100%| O|  |TAMS 0x0000000084400000, 0x0000000084400000| Untracked 
|  69|0x0000000084500000, 0x0000000084600000, 0x0000000084600000|100%| O|  |TAMS 0x0000000084500000, 0x0000000084500000| Untracked 
|  70|0x0000000084600000, 0x0000000084700000, 0x0000000084700000|100%| O|  |TAMS 0x0000000084600000, 0x0000000084600000| Untracked 
|  71|0x0000000084700000, 0x0000000084800000, 0x0000000084800000|100%| O|  |TAMS 0x0000000084700000, 0x0000000084700000| Untracked 
|  72|0x0000000084800000, 0x0000000084900000, 0x0000000084900000|100%| O|  |TAMS 0x0000000084800000, 0x0000000084800000| Untracked 
|  73|0x0000000084900000, 0x0000000084a00000, 0x0000000084a00000|100%| O|  |TAMS 0x0000000084900000, 0x0000000084900000| Untracked 
|  74|0x0000000084a00000, 0x0000000084b00000, 0x0000000084b00000|100%| O|  |TAMS 0x0000000084a00000, 0x0000000084a00000| Untracked 
|  75|0x0000000084b00000, 0x0000000084c00000, 0x0000000084c00000|100%| O|  |TAMS 0x0000000084b00000, 0x0000000084b00000| Untracked 
|  76|0x0000000084c00000, 0x0000000084d00000, 0x0000000084d00000|100%| O|  |TAMS 0x0000000084c00000, 0x0000000084c00000| Untracked 
|  77|0x0000000084d00000, 0x0000000084e00000, 0x0000000084e00000|100%| O|  |TAMS 0x0000000084d00000, 0x0000000084d00000| Untracked 
|  78|0x0000000084e00000, 0x0000000084f00000, 0x0000000084f00000|100%| O|  |TAMS 0x0000000084e00000, 0x0000000084e00000| Untracked 
|  79|0x0000000084f00000, 0x0000000085000000, 0x0000000085000000|100%| O|  |TAMS 0x0000000084f00000, 0x0000000084f00000| Untracked 
|  80|0x0000000085000000, 0x0000000085100000, 0x0000000085100000|100%| O|  |TAMS 0x0000000085000000, 0x0000000085000000| Untracked 
|  81|0x0000000085100000, 0x0000000085200000, 0x0000000085200000|100%| O|  |TAMS 0x0000000085100000, 0x0000000085100000| Untracked 
|  82|0x0000000085200000, 0x0000000085254c00, 0x0000000085300000| 33%| O|  |TAMS 0x0000000085200000, 0x0000000085200000| Untracked 
|  83|0x0000000085300000, 0x0000000085300000, 0x0000000085400000|  0%| F|  |TAMS 0x0000000085300000, 0x0000000085300000| Untracked 
|  84|0x0000000085400000, 0x0000000085400000, 0x0000000085500000|  0%| F|  |TAMS 0x0000000085400000, 0x0000000085400000| Untracked 
|  85|0x0000000085500000, 0x0000000085500000, 0x0000000085600000|  0%| F|  |TAMS 0x0000000085500000, 0x0000000085500000| Untracked 
|  86|0x0000000085600000, 0x0000000085600000, 0x0000000085700000|  0%| F|  |TAMS 0x0000000085600000, 0x0000000085600000| Untracked 
|  87|0x0000000085700000, 0x0000000085700000, 0x0000000085800000|  0%| F|  |TAMS 0x0000000085700000, 0x0000000085700000| Untracked 
|  88|0x0000000085800000, 0x0000000085800000, 0x0000000085900000|  0%| F|  |TAMS 0x0000000085800000, 0x0000000085800000| Untracked 
|  89|0x0000000085900000, 0x0000000085900000, 0x0000000085a00000|  0%| F|  |TAMS 0x0000000085900000, 0x0000000085900000| Untracked 
|  90|0x0000000085a00000, 0x0000000085a00000, 0x0000000085b00000|  0%| F|  |TAMS 0x0000000085a00000, 0x0000000085a00000| Untracked 
|  91|0x0000000085b00000, 0x0000000085b00000, 0x0000000085c00000|  0%| F|  |TAMS 0x0000000085b00000, 0x0000000085b00000| Untracked 
|  92|0x0000000085c00000, 0x0000000085c00000, 0x0000000085d00000|  0%| F|  |TAMS 0x0000000085c00000, 0x0000000085c00000| Untracked 
|  93|0x0000000085d00000, 0x0000000085d00000, 0x0000000085e00000|  0%| F|  |TAMS 0x0000000085d00000, 0x0000000085d00000| Untracked 
|  94|0x0000000085e00000, 0x0000000085e00000, 0x0000000085f00000|  0%| F|  |TAMS 0x0000000085e00000, 0x0000000085e00000| Untracked 
|  95|0x0000000085f00000, 0x0000000085f00000, 0x0000000086000000|  0%| F|  |TAMS 0x0000000085f00000, 0x0000000085f00000| Untracked 
|  96|0x0000000086000000, 0x0000000086000000, 0x0000000086100000|  0%| F|  |TAMS 0x0000000086000000, 0x0000000086000000| Untracked 
|  97|0x0000000086100000, 0x0000000086100000, 0x0000000086200000|  0%| F|  |TAMS 0x0000000086100000, 0x0000000086100000| Untracked 
|  98|0x0000000086200000, 0x0000000086200000, 0x0000000086300000|  0%| F|  |TAMS 0x0000000086200000, 0x0000000086200000| Untracked 
|  99|0x0000000086300000, 0x0000000086300000, 0x0000000086400000|  0%| F|  |TAMS 0x0000000086300000, 0x0000000086300000| Untracked 
| 100|0x0000000086400000, 0x0000000086400000, 0x0000000086500000|  0%| F|  |TAMS 0x0000000086400000, 0x0000000086400000| Untracked 
| 101|0x0000000086500000, 0x0000000086500000, 0x0000000086600000|  0%| F|  |TAMS 0x0000000086500000, 0x0000000086500000| Untracked 
| 102|0x0000000086600000, 0x0000000086600000, 0x0000000086700000|  0%| F|  |TAMS 0x0000000086600000, 0x0000000086600000| Untracked 
| 103|0x0000000086700000, 0x0000000086700000, 0x0000000086800000|  0%| F|  |TAMS 0x0000000086700000, 0x0000000086700000| Untracked 
| 104|0x0000000086800000, 0x0000000086800000, 0x0000000086900000|  0%| F|  |TAMS 0x0000000086800000, 0x0000000086800000| Untracked 
| 105|0x0000000086900000, 0x0000000086900000, 0x0000000086a00000|  0%| F|  |TAMS 0x0000000086900000, 0x0000000086900000| Untracked 
| 106|0x0000000086a00000, 0x0000000086a00000, 0x0000000086b00000|  0%| F|  |TAMS 0x0000000086a00000, 0x0000000086a00000| Untracked 
| 107|0x0000000086b00000, 0x0000000086b00000, 0x0000000086c00000|  0%| F|  |TAMS 0x0000000086b00000, 0x0000000086b00000| Untracked 
| 108|0x0000000086c00000, 0x0000000086c00000, 0x0000000086d00000|  0%| F|  |TAMS 0x0000000086c00000, 0x0000000086c00000| Untracked 
| 109|0x0000000086d00000, 0x0000000086d00000, 0x0000000086e00000|  0%| F|  |TAMS 0x0000000086d00000, 0x0000000086d00000| Untracked 
| 110|0x0000000086e00000, 0x0000000086e00000, 0x0000000086f00000|  0%| F|  |TAMS 0x0000000086e00000, 0x0000000086e00000| Untracked 
| 111|0x0000000086f00000, 0x0000000086f00000, 0x0000000087000000|  0%| F|  |TAMS 0x0000000086f00000, 0x0000000086f00000| Untracked 
| 112|0x0000000087000000, 0x0000000087000000, 0x0000000087100000|  0%| F|  |TAMS 0x0000000087000000, 0x0000000087000000| Untracked 
| 113|0x0000000087100000, 0x0000000087100000, 0x0000000087200000|  0%| F|  |TAMS 0x0000000087100000, 0x0000000087100000| Untracked 
| 114|0x0000000087200000, 0x0000000087200000, 0x0000000087300000|  0%| F|  |TAMS 0x0000000087200000, 0x0000000087200000| Untracked 
| 115|0x0000000087300000, 0x0000000087300000, 0x0000000087400000|  0%| F|  |TAMS 0x0000000087300000, 0x0000000087300000| Untracked 
| 116|0x0000000087400000, 0x0000000087400000, 0x0000000087500000|  0%| F|  |TAMS 0x0000000087400000, 0x0000000087400000| Untracked 
| 117|0x0000000087500000, 0x0000000087500000, 0x0000000087600000|  0%| F|  |TAMS 0x0000000087500000, 0x0000000087500000| Untracked 
| 118|0x0000000087600000, 0x0000000087600000, 0x0000000087700000|  0%| F|  |TAMS 0x0000000087600000, 0x0000000087600000| Untracked 
| 119|0x0000000087700000, 0x0000000087700000, 0x0000000087800000|  0%| F|  |TAMS 0x0000000087700000, 0x0000000087700000| Untracked 
| 120|0x0000000087800000, 0x0000000087800000, 0x0000000087900000|  0%| F|  |TAMS 0x0000000087800000, 0x0000000087800000| Untracked 
| 121|0x0000000087900000, 0x0000000087900000, 0x0000000087a00000|  0%| F|  |TAMS 0x0000000087900000, 0x0000000087900000| Untracked 
| 122|0x0000000087a00000, 0x0000000087a00000, 0x0000000087b00000|  0%| F|  |TAMS 0x0000000087a00000, 0x0000000087a00000| Untracked 
| 123|0x0000000087b00000, 0x0000000087b00000, 0x0000000087c00000|  0%| F|  |TAMS 0x0000000087b00000, 0x0000000087b00000| Untracked 
| 124|0x0000000087c00000, 0x0000000087c00000, 0x0000000087d00000|  0%| F|  |TAMS 0x0000000087c00000, 0x0000000087c00000| Untracked 
| 125|0x0000000087d00000, 0x0000000087d00000, 0x0000000087e00000|  0%| F|  |TAMS 0x0000000087d00000, 0x0000000087d00000| Untracked 
| 126|0x0000000087e00000, 0x0000000087e00000, 0x0000000087f00000|  0%| F|  |TAMS 0x0000000087e00000, 0x0000000087e00000| Untracked 
| 127|0x0000000087f00000, 0x0000000087f00000, 0x0000000088000000|  0%| F|  |TAMS 0x0000000087f00000, 0x0000000087f00000| Untracked 
| 128|0x0000000088000000, 0x0000000088000000, 0x0000000088100000|  0%| F|  |TAMS 0x0000000088000000, 0x0000000088000000| Untracked 
| 129|0x0000000088100000, 0x0000000088100000, 0x0000000088200000|  0%| F|  |TAMS 0x0000000088100000, 0x0000000088100000| Untracked 
| 130|0x0000000088200000, 0x000000008823f7d0, 0x0000000088300000| 24%| S|CS|TAMS 0x0000000088200000, 0x0000000088200000| Complete 
| 131|0x0000000088300000, 0x0000000088400000, 0x0000000088400000|100%| S|CS|TAMS 0x0000000088300000, 0x0000000088300000| Complete 
| 132|0x0000000088400000, 0x0000000088500000, 0x0000000088500000|100%| S|CS|TAMS 0x0000000088400000, 0x0000000088400000| Complete 
| 133|0x0000000088500000, 0x0000000088600000, 0x0000000088600000|100%| S|CS|TAMS 0x0000000088500000, 0x0000000088500000| Complete 
| 134|0x0000000088600000, 0x0000000088700000, 0x0000000088700000|100%| S|CS|TAMS 0x0000000088600000, 0x0000000088600000| Complete 
| 135|0x0000000088700000, 0x0000000088800000, 0x0000000088800000|100%| S|CS|TAMS 0x0000000088700000, 0x0000000088700000| Complete 
| 136|0x0000000088800000, 0x0000000088900000, 0x0000000088900000|100%| S|CS|TAMS 0x0000000088800000, 0x0000000088800000| Complete 
| 137|0x0000000088900000, 0x0000000088900000, 0x0000000088a00000|  0%| F|  |TAMS 0x0000000088900000, 0x0000000088900000| Untracked 
| 138|0x0000000088a00000, 0x0000000088a00000, 0x0000000088b00000|  0%| F|  |TAMS 0x0000000088a00000, 0x0000000088a00000| Untracked 
| 139|0x0000000088b00000, 0x0000000088b00000, 0x0000000088c00000|  0%| F|  |TAMS 0x0000000088b00000, 0x0000000088b00000| Untracked 
| 140|0x0000000088c00000, 0x0000000088c00000, 0x0000000088d00000|  0%| F|  |TAMS 0x0000000088c00000, 0x0000000088c00000| Untracked 
| 141|0x0000000088d00000, 0x0000000088d00000, 0x0000000088e00000|  0%| F|  |TAMS 0x0000000088d00000, 0x0000000088d00000| Untracked 
| 142|0x0000000088e00000, 0x0000000088e00000, 0x0000000088f00000|  0%| F|  |TAMS 0x0000000088e00000, 0x0000000088e00000| Untracked 
| 143|0x0000000088f00000, 0x0000000088f00000, 0x0000000089000000|  0%| F|  |TAMS 0x0000000088f00000, 0x0000000088f00000| Untracked 
| 144|0x0000000089000000, 0x0000000089000000, 0x0000000089100000|  0%| F|  |TAMS 0x0000000089000000, 0x0000000089000000| Untracked 
| 145|0x0000000089100000, 0x0000000089100000, 0x0000000089200000|  0%| F|  |TAMS 0x0000000089100000, 0x0000000089100000| Untracked 
| 146|0x0000000089200000, 0x0000000089200000, 0x0000000089300000|  0%| F|  |TAMS 0x0000000089200000, 0x0000000089200000| Untracked 
| 147|0x0000000089300000, 0x0000000089300000, 0x0000000089400000|  0%| F|  |TAMS 0x0000000089300000, 0x0000000089300000| Untracked 
| 148|0x0000000089400000, 0x0000000089400000, 0x0000000089500000|  0%| F|  |TAMS 0x0000000089400000, 0x0000000089400000| Untracked 
| 149|0x0000000089500000, 0x0000000089500000, 0x0000000089600000|  0%| F|  |TAMS 0x0000000089500000, 0x0000000089500000| Untracked 
| 150|0x0000000089600000, 0x0000000089600000, 0x0000000089700000|  0%| F|  |TAMS 0x0000000089600000, 0x0000000089600000| Untracked 
| 151|0x0000000089700000, 0x0000000089700000, 0x0000000089800000|  0%| F|  |TAMS 0x0000000089700000, 0x0000000089700000| Untracked 
| 152|0x0000000089800000, 0x0000000089800000, 0x0000000089900000|  0%| F|  |TAMS 0x0000000089800000, 0x0000000089800000| Untracked 
| 153|0x0000000089900000, 0x0000000089900000, 0x0000000089a00000|  0%| F|  |TAMS 0x0000000089900000, 0x0000000089900000| Untracked 
| 154|0x0000000089a00000, 0x0000000089a00000, 0x0000000089b00000|  0%| F|  |TAMS 0x0000000089a00000, 0x0000000089a00000| Untracked 
| 155|0x0000000089b00000, 0x0000000089b00000, 0x0000000089c00000|  0%| F|  |TAMS 0x0000000089b00000, 0x0000000089b00000| Untracked 
| 156|0x0000000089c00000, 0x0000000089c00000, 0x0000000089d00000|  0%| F|  |TAMS 0x0000000089c00000, 0x0000000089c00000| Untracked 
| 157|0x0000000089d00000, 0x0000000089d00000, 0x0000000089e00000|  0%| F|  |TAMS 0x0000000089d00000, 0x0000000089d00000| Untracked 
| 158|0x0000000089e00000, 0x0000000089e00000, 0x0000000089f00000|  0%| F|  |TAMS 0x0000000089e00000, 0x0000000089e00000| Untracked 
| 159|0x0000000089f00000, 0x0000000089f00000, 0x000000008a000000|  0%| F|  |TAMS 0x0000000089f00000, 0x0000000089f00000| Untracked 
| 160|0x000000008a000000, 0x000000008a000000, 0x000000008a100000|  0%| F|  |TAMS 0x000000008a000000, 0x000000008a000000| Untracked 
| 161|0x000000008a100000, 0x000000008a100000, 0x000000008a200000|  0%| F|  |TAMS 0x000000008a100000, 0x000000008a100000| Untracked 
| 162|0x000000008a200000, 0x000000008a200000, 0x000000008a300000|  0%| F|  |TAMS 0x000000008a200000, 0x000000008a200000| Untracked 
| 163|0x000000008a300000, 0x000000008a300000, 0x000000008a400000|  0%| F|  |TAMS 0x000000008a300000, 0x000000008a300000| Untracked 
| 164|0x000000008a400000, 0x000000008a400000, 0x000000008a500000|  0%| F|  |TAMS 0x000000008a400000, 0x000000008a400000| Untracked 
| 165|0x000000008a500000, 0x000000008a500000, 0x000000008a600000|  0%| F|  |TAMS 0x000000008a500000, 0x000000008a500000| Untracked 
| 166|0x000000008a600000, 0x000000008a600000, 0x000000008a700000|  0%| F|  |TAMS 0x000000008a600000, 0x000000008a600000| Untracked 
| 167|0x000000008a700000, 0x000000008a700000, 0x000000008a800000|  0%| F|  |TAMS 0x000000008a700000, 0x000000008a700000| Untracked 
| 168|0x000000008a800000, 0x000000008a800000, 0x000000008a900000|  0%| F|  |TAMS 0x000000008a800000, 0x000000008a800000| Untracked 
| 169|0x000000008a900000, 0x000000008a900000, 0x000000008aa00000|  0%| F|  |TAMS 0x000000008a900000, 0x000000008a900000| Untracked 
| 170|0x000000008aa00000, 0x000000008aa00000, 0x000000008ab00000|  0%| F|  |TAMS 0x000000008aa00000, 0x000000008aa00000| Untracked 
| 171|0x000000008ab00000, 0x000000008ab00000, 0x000000008ac00000|  0%| F|  |TAMS 0x000000008ab00000, 0x000000008ab00000| Untracked 
| 172|0x000000008ac00000, 0x000000008ac00000, 0x000000008ad00000|  0%| F|  |TAMS 0x000000008ac00000, 0x000000008ac00000| Untracked 
| 173|0x000000008ad00000, 0x000000008ad00000, 0x000000008ae00000|  0%| F|  |TAMS 0x000000008ad00000, 0x000000008ad00000| Untracked 
| 174|0x000000008ae00000, 0x000000008ae00000, 0x000000008af00000|  0%| F|  |TAMS 0x000000008ae00000, 0x000000008ae00000| Untracked 
| 175|0x000000008af00000, 0x000000008af00000, 0x000000008b000000|  0%| F|  |TAMS 0x000000008af00000, 0x000000008af00000| Untracked 
| 176|0x000000008b000000, 0x000000008b000000, 0x000000008b100000|  0%| F|  |TAMS 0x000000008b000000, 0x000000008b000000| Untracked 
| 177|0x000000008b100000, 0x000000008b100000, 0x000000008b200000|  0%| F|  |TAMS 0x000000008b100000, 0x000000008b100000| Untracked 
| 178|0x000000008b200000, 0x000000008b200000, 0x000000008b300000|  0%| F|  |TAMS 0x000000008b200000, 0x000000008b200000| Untracked 
| 179|0x000000008b300000, 0x000000008b300000, 0x000000008b400000|  0%| F|  |TAMS 0x000000008b300000, 0x000000008b300000| Untracked 
| 180|0x000000008b400000, 0x000000008b400000, 0x000000008b500000|  0%| F|  |TAMS 0x000000008b400000, 0x000000008b400000| Untracked 
| 181|0x000000008b500000, 0x000000008b500000, 0x000000008b600000|  0%| F|  |TAMS 0x000000008b500000, 0x000000008b500000| Untracked 
| 182|0x000000008b600000, 0x000000008b600000, 0x000000008b700000|  0%| F|  |TAMS 0x000000008b600000, 0x000000008b600000| Untracked 
| 183|0x000000008b700000, 0x000000008b700000, 0x000000008b800000|  0%| F|  |TAMS 0x000000008b700000, 0x000000008b700000| Untracked 
| 184|0x000000008b800000, 0x000000008b800000, 0x000000008b900000|  0%| F|  |TAMS 0x000000008b800000, 0x000000008b800000| Untracked 
| 185|0x000000008b900000, 0x000000008b900000, 0x000000008ba00000|  0%| F|  |TAMS 0x000000008b900000, 0x000000008b900000| Untracked 
| 186|0x000000008ba00000, 0x000000008ba00000, 0x000000008bb00000|  0%| F|  |TAMS 0x000000008ba00000, 0x000000008ba00000| Untracked 
| 187|0x000000008bb00000, 0x000000008bb00000, 0x000000008bc00000|  0%| F|  |TAMS 0x000000008bb00000, 0x000000008bb00000| Untracked 
| 188|0x000000008bc00000, 0x000000008bc00000, 0x000000008bd00000|  0%| F|  |TAMS 0x000000008bc00000, 0x000000008bc00000| Untracked 
| 189|0x000000008bd00000, 0x000000008bd00000, 0x000000008be00000|  0%| F|  |TAMS 0x000000008bd00000, 0x000000008bd00000| Untracked 
| 190|0x000000008be00000, 0x000000008be00000, 0x000000008bf00000|  0%| F|  |TAMS 0x000000008be00000, 0x000000008be00000| Untracked 
| 191|0x000000008bf00000, 0x000000008bf00000, 0x000000008c000000|  0%| F|  |TAMS 0x000000008bf00000, 0x000000008bf00000| Untracked 
| 192|0x000000008c000000, 0x000000008c000000, 0x000000008c100000|  0%| F|  |TAMS 0x000000008c000000, 0x000000008c000000| Untracked 
| 193|0x000000008c100000, 0x000000008c100000, 0x000000008c200000|  0%| F|  |TAMS 0x000000008c100000, 0x000000008c100000| Untracked 
| 194|0x000000008c200000, 0x000000008c200000, 0x000000008c300000|  0%| F|  |TAMS 0x000000008c200000, 0x000000008c200000| Untracked 
| 195|0x000000008c300000, 0x000000008c300000, 0x000000008c400000|  0%| F|  |TAMS 0x000000008c300000, 0x000000008c300000| Untracked 
| 196|0x000000008c400000, 0x000000008c400000, 0x000000008c500000|  0%| F|  |TAMS 0x000000008c400000, 0x000000008c400000| Untracked 
| 197|0x000000008c500000, 0x000000008c500000, 0x000000008c600000|  0%| F|  |TAMS 0x000000008c500000, 0x000000008c500000| Untracked 
| 198|0x000000008c600000, 0x000000008c600000, 0x000000008c700000|  0%| F|  |TAMS 0x000000008c600000, 0x000000008c600000| Untracked 
| 199|0x000000008c700000, 0x000000008c700000, 0x000000008c800000|  0%| F|  |TAMS 0x000000008c700000, 0x000000008c700000| Untracked 
| 200|0x000000008c800000, 0x000000008c800000, 0x000000008c900000|  0%| F|  |TAMS 0x000000008c800000, 0x000000008c800000| Untracked 
| 201|0x000000008c900000, 0x000000008c900000, 0x000000008ca00000|  0%| F|  |TAMS 0x000000008c900000, 0x000000008c900000| Untracked 
| 202|0x000000008ca00000, 0x000000008ca00000, 0x000000008cb00000|  0%| F|  |TAMS 0x000000008ca00000, 0x000000008ca00000| Untracked 
| 203|0x000000008cb00000, 0x000000008cb00000, 0x000000008cc00000|  0%| F|  |TAMS 0x000000008cb00000, 0x000000008cb00000| Untracked 
| 204|0x000000008cc00000, 0x000000008cc00000, 0x000000008cd00000|  0%| F|  |TAMS 0x000000008cc00000, 0x000000008cc00000| Untracked 
| 205|0x000000008cd00000, 0x000000008cd00000, 0x000000008ce00000|  0%| F|  |TAMS 0x000000008cd00000, 0x000000008cd00000| Untracked 
| 206|0x000000008ce00000, 0x000000008ce00000, 0x000000008cf00000|  0%| F|  |TAMS 0x000000008ce00000, 0x000000008ce00000| Untracked 
| 207|0x000000008cf00000, 0x000000008cf0eb60, 0x000000008d000000|  5%| E|  |TAMS 0x000000008cf00000, 0x000000008cf00000| Complete 
| 208|0x000000008d000000, 0x000000008d100000, 0x000000008d100000|100%| E|CS|TAMS 0x000000008d000000, 0x000000008d000000| Complete 
| 209|0x000000008d100000, 0x000000008d200000, 0x000000008d200000|100%| E|CS|TAMS 0x000000008d100000, 0x000000008d100000| Complete 
| 210|0x000000008d200000, 0x000000008d300000, 0x000000008d300000|100%| E|  |TAMS 0x000000008d200000, 0x000000008d200000| Complete 
| 211|0x000000008d300000, 0x000000008d400000, 0x000000008d400000|100%| E|CS|TAMS 0x000000008d300000, 0x000000008d300000| Complete 
| 212|0x000000008d400000, 0x000000008d500000, 0x000000008d500000|100%| E|CS|TAMS 0x000000008d400000, 0x000000008d400000| Complete 
| 213|0x000000008d500000, 0x000000008d600000, 0x000000008d600000|100%| E|CS|TAMS 0x000000008d500000, 0x000000008d500000| Complete 
| 214|0x000000008d600000, 0x000000008d700000, 0x000000008d700000|100%| E|CS|TAMS 0x000000008d600000, 0x000000008d600000| Complete 
| 215|0x000000008d700000, 0x000000008d800000, 0x000000008d800000|100%| E|CS|TAMS 0x000000008d700000, 0x000000008d700000| Complete 
| 216|0x000000008d800000, 0x000000008d900000, 0x000000008d900000|100%| E|CS|TAMS 0x000000008d800000, 0x000000008d800000| Complete 
| 217|0x000000008d900000, 0x000000008da00000, 0x000000008da00000|100%| E|CS|TAMS 0x000000008d900000, 0x000000008d900000| Complete 
| 218|0x000000008da00000, 0x000000008db00000, 0x000000008db00000|100%| E|CS|TAMS 0x000000008da00000, 0x000000008da00000| Complete 
| 219|0x000000008db00000, 0x000000008dc00000, 0x000000008dc00000|100%| E|CS|TAMS 0x000000008db00000, 0x000000008db00000| Complete 
| 220|0x000000008dc00000, 0x000000008dd00000, 0x000000008dd00000|100%| E|CS|TAMS 0x000000008dc00000, 0x000000008dc00000| Complete 
| 221|0x000000008dd00000, 0x000000008de00000, 0x000000008de00000|100%| E|CS|TAMS 0x000000008dd00000, 0x000000008dd00000| Complete 
| 222|0x000000008de00000, 0x000000008df00000, 0x000000008df00000|100%| E|CS|TAMS 0x000000008de00000, 0x000000008de00000| Complete 
| 223|0x000000008df00000, 0x000000008e000000, 0x000000008e000000|100%| E|CS|TAMS 0x000000008df00000, 0x000000008df00000| Complete 
| 224|0x000000008e000000, 0x000000008e100000, 0x000000008e100000|100%| E|CS|TAMS 0x000000008e000000, 0x000000008e000000| Complete 
| 225|0x000000008e100000, 0x000000008e200000, 0x000000008e200000|100%| E|CS|TAMS 0x000000008e100000, 0x000000008e100000| Complete 
| 226|0x000000008e200000, 0x000000008e300000, 0x000000008e300000|100%| E|CS|TAMS 0x000000008e200000, 0x000000008e200000| Complete 
| 227|0x000000008e300000, 0x000000008e400000, 0x000000008e400000|100%| E|CS|TAMS 0x000000008e300000, 0x000000008e300000| Complete 
| 228|0x000000008e400000, 0x000000008e500000, 0x000000008e500000|100%| E|CS|TAMS 0x000000008e400000, 0x000000008e400000| Complete 
| 229|0x000000008e500000, 0x000000008e600000, 0x000000008e600000|100%| E|CS|TAMS 0x000000008e500000, 0x000000008e500000| Complete 
| 230|0x000000008e600000, 0x000000008e700000, 0x000000008e700000|100%| E|CS|TAMS 0x000000008e600000, 0x000000008e600000| Complete 
| 231|0x000000008e700000, 0x000000008e800000, 0x000000008e800000|100%| E|CS|TAMS 0x000000008e700000, 0x000000008e700000| Complete 
| 232|0x000000008e800000, 0x000000008e900000, 0x000000008e900000|100%| E|CS|TAMS 0x000000008e800000, 0x000000008e800000| Complete 
| 233|0x000000008e900000, 0x000000008ea00000, 0x000000008ea00000|100%| E|CS|TAMS 0x000000008e900000, 0x000000008e900000| Complete 
| 234|0x000000008ea00000, 0x000000008eb00000, 0x000000008eb00000|100%| E|CS|TAMS 0x000000008ea00000, 0x000000008ea00000| Complete 
| 235|0x000000008eb00000, 0x000000008ec00000, 0x000000008ec00000|100%| E|CS|TAMS 0x000000008eb00000, 0x000000008eb00000| Complete 
| 236|0x000000008ec00000, 0x000000008ed00000, 0x000000008ed00000|100%| E|CS|TAMS 0x000000008ec00000, 0x000000008ec00000| Complete 
| 237|0x000000008ed00000, 0x000000008ee00000, 0x000000008ee00000|100%| E|CS|TAMS 0x000000008ed00000, 0x000000008ed00000| Complete 
| 238|0x000000008ee00000, 0x000000008ef00000, 0x000000008ef00000|100%| E|CS|TAMS 0x000000008ee00000, 0x000000008ee00000| Complete 
| 239|0x000000008ef00000, 0x000000008f000000, 0x000000008f000000|100%| E|CS|TAMS 0x000000008ef00000, 0x000000008ef00000| Complete 
| 240|0x000000008f000000, 0x000000008f100000, 0x000000008f100000|100%| E|CS|TAMS 0x000000008f000000, 0x000000008f000000| Complete 
| 241|0x000000008f100000, 0x000000008f200000, 0x000000008f200000|100%| E|CS|TAMS 0x000000008f100000, 0x000000008f100000| Complete 
| 242|0x000000008f200000, 0x000000008f300000, 0x000000008f300000|100%| E|CS|TAMS 0x000000008f200000, 0x000000008f200000| Complete 
| 243|0x000000008f300000, 0x000000008f400000, 0x000000008f400000|100%| E|CS|TAMS 0x000000008f300000, 0x000000008f300000| Complete 
| 244|0x000000008f400000, 0x000000008f500000, 0x000000008f500000|100%| E|CS|TAMS 0x000000008f400000, 0x000000008f400000| Complete 
| 245|0x000000008f500000, 0x000000008f600000, 0x000000008f600000|100%| E|CS|TAMS 0x000000008f500000, 0x000000008f500000| Complete 
| 246|0x000000008f600000, 0x000000008f700000, 0x000000008f700000|100%| E|CS|TAMS 0x000000008f600000, 0x000000008f600000| Complete 
| 247|0x000000008f700000, 0x000000008f800000, 0x000000008f800000|100%| E|CS|TAMS 0x000000008f700000, 0x000000008f700000| Complete 
| 248|0x000000008f800000, 0x000000008f900000, 0x000000008f900000|100%| E|CS|TAMS 0x000000008f800000, 0x000000008f800000| Complete 
| 249|0x000000008f900000, 0x000000008fa00000, 0x000000008fa00000|100%| E|CS|TAMS 0x000000008f900000, 0x000000008f900000| Complete 
| 250|0x000000008fa00000, 0x000000008fb00000, 0x000000008fb00000|100%| E|CS|TAMS 0x000000008fa00000, 0x000000008fa00000| Complete 
| 251|0x000000008fb00000, 0x000000008fc00000, 0x000000008fc00000|100%| E|CS|TAMS 0x000000008fb00000, 0x000000008fb00000| Complete 

Card table byte_map: [0x000002327f6b0000,0x000002327fab0000] _byte_map_base: 0x000002327f2b0000

Marking Bits (Prev, Next): (CMBitMap*) 0x000002327b4ae8e0, (CMBitMap*) 0x000002327b4ae8a8
 Prev Bits: [0x0000023211000000, 0x0000023213000000)
 Next Bits: [0x000002320f000000, 0x0000023211000000)

Polling page: 0x000002327ac40000

Metaspace:

Usage:
  Non-class:     78.50 MB capacity,    76.96 MB ( 98%) used,     1.27 MB (  2%) free+waste,   276.94 KB ( <1%) overhead. 
      Class:     12.30 MB capacity,    11.42 MB ( 93%) used,   772.92 KB (  6%) free+waste,   125.31 KB ( <1%) overhead. 
       Both:     90.80 MB capacity,    88.38 MB ( 97%) used,     2.02 MB (  2%) free+waste,   402.25 KB ( <1%) overhead. 

Virtual space:
  Non-class space:       80.00 MB reserved,      78.59 MB ( 98%) committed 
      Class space:        1.00 GB reserved,      12.32 MB (  1%) committed 
             Both:        1.08 GB reserved,      90.91 MB (  8%) committed 

Chunk freelists:
   Non-Class:  27.00 KB
       Class:  17.00 KB
        Both:  44.00 KB

MaxMetaspaceSize: 17179869184.00 GB
CompressedClassSpaceSize: 1.00 GB
Initial GC threshold: 20.80 MB
Current GC threshold: 99.23 MB
CDS: off

CodeHeap 'non-profiled nmethods': size=120000Kb used=7417Kb max_used=7417Kb free=112582Kb
 bounds [0x0000023207ad0000, 0x0000023208210000, 0x000002320f000000]
CodeHeap 'profiled nmethods': size=120000Kb used=25060Kb max_used=25060Kb free=94939Kb
 bounds [0x00000232005a0000, 0x0000023201e20000, 0x0000023207ad0000]
CodeHeap 'non-nmethods': size=5760Kb used=2388Kb max_used=2448Kb free=3371Kb
 bounds [0x0000023200000000, 0x0000023200270000, 0x00000232005a0000]
 total_blobs=12333 nmethods=11434 adapters=811
 compilation: enabled
              stopped_count=0, restarted_count=0
 full_count=0

Compilation events (20 events):
Event: 16.601 Thread 0x000002321622a800 11440       3       com.google.common.collect.TransformedIterator::next (14 bytes)
Event: 16.601 Thread 0x000002321622a800 nmethod 11440 0x0000023201de8b90 code [0x0000023201de8d60, 0x0000023201de8fd8]
Event: 16.604 Thread 0x000002321622a800 11442       3       org.gradle.api.internal.tasks.properties.AbstractValidatingProperty::validate (51 bytes)
Event: 16.606 Thread 0x000002321622a800 nmethod 11442 0x0000023201de9110 code [0x0000023201de9360, 0x0000023201de9c08]
Event: 16.606 Thread 0x000002321622a800 11444       3       org.gradle.internal.execution.steps.ResolveChangesStep$1::visitInputFileProperty (62 bytes)
Event: 16.607 Thread 0x000002321622a800 nmethod 11444 0x0000023201de9f10 code [0x0000023201dea1c0, 0x0000023201deac18]
Event: 16.607 Thread 0x000002321622a800 11445       2       java.util.concurrent.atomic.AtomicBoolean::get (13 bytes)
Event: 16.607 Thread 0x000002321622a800 nmethod 11445 0x0000023201deb090 code [0x0000023201deb240, 0x0000023201deb358]
Event: 16.609 Thread 0x000002321622a800 11446       3       org.gradle.api.internal.tasks.properties.DefaultCacheableOutputFilePropertySpec::getPropertyName (39 bytes)
Event: 16.610 Thread 0x000002321622a800 nmethod 11446 0x0000023201deb410 code [0x0000023201deb660, 0x0000023201debe48]
Event: 16.613 Thread 0x000002321622a800 11447       3       org.gradle.api.internal.tasks.properties.bean.AbstractNestedRuntimeBeanNode::visitProperties (138 bytes)
Event: 16.615 Thread 0x000002321622a800 nmethod 11447 0x0000023201dec110 code [0x0000023201dec4e0, 0x0000023201dee438]
Event: 16.622 Thread 0x000002321622a800 11448       3       java.io.File::normalizedList (86 bytes)
Event: 16.623 Thread 0x000002321622a800 nmethod 11448 0x0000023201def010 code [0x0000023201def280, 0x0000023201defd98]
Event: 16.624 Thread 0x000002321622a800 11449       3       kotlin.collections.CollectionsKt__MutableCollectionsKt::addAll (79 bytes)
Event: 16.625 Thread 0x000002321622a800 nmethod 11449 0x0000023201df0110 code [0x0000023201df0420, 0x0000023201df1548]
Event: 16.632 Thread 0x0000023216224000 nmethod 11429 0x0000023208208a90 code [0x0000023208208d80, 0x000002320820a2d8]
Event: 16.632 Thread 0x0000023216224000 11437   !   4       java.util.concurrent.ConcurrentHashMap::putVal (432 bytes)
Event: 16.634 Thread 0x000002321622a800 11451       3       kotlin.collections.EmptyList::size (5 bytes)
Event: 16.634 Thread 0x000002321622a800 nmethod 11451 0x0000023201df1a90 code [0x0000023201df1c40, 0x0000023201df1d98]

GC Heap History (20 events):
Event: 3.026 GC heap before
{Heap before GC invocations=3 (full 0):
 garbage-first heap   total 258048K, used 61647K [0x0000000080000000, 0x0000000100000000)
  region size 1024K, 54 young (55296K), 11 survivors (11264K)
 Metaspace       used 25076K, capacity 25576K, committed 25728K, reserved 1071104K
  class space    used 3217K, capacity 3387K, committed 3456K, reserved 1048576K
}
Event: 3.034 GC heap after
{Heap after GC invocations=4 (full 0):
 garbage-first heap   total 258048K, used 19267K [0x0000000080000000, 0x0000000100000000)
  region size 1024K, 3 young (3072K), 3 survivors (3072K)
 Metaspace       used 25076K, capacity 25576K, committed 25728K, reserved 1071104K
  class space    used 3217K, capacity 3387K, committed 3456K, reserved 1048576K
}
Event: 4.403 GC heap before
{Heap before GC invocations=4 (full 0):
 garbage-first heap   total 258048K, used 94019K [0x0000000080000000, 0x0000000100000000)
  region size 1024K, 77 young (78848K), 3 survivors (3072K)
 Metaspace       used 35179K, capacity 35966K, committed 36048K, reserved 1081344K
  class space    used 4519K, capacity 4837K, committed 4864K, reserved 1048576K
}
Event: 4.412 GC heap after
{Heap after GC invocations=5 (full 0):
 garbage-first heap   total 258048K, used 22770K [0x0000000080000000, 0x0000000100000000)
  region size 1024K, 6 young (6144K), 6 survivors (6144K)
 Metaspace       used 35179K, capacity 35966K, committed 36048K, reserved 1081344K
  class space    used 4519K, capacity 4837K, committed 4864K, reserved 1048576K
}
Event: 6.187 GC heap before
{Heap before GC invocations=6 (full 0):
 garbage-first heap   total 258048K, used 149746K [0x0000000080000000, 0x0000000100000000)
  region size 1024K, 127 young (130048K), 6 survivors (6144K)
 Metaspace       used 45376K, capacity 46465K, committed 46620K, reserved 1089536K
  class space    used 5755K, capacity 6147K, committed 6220K, reserved 1048576K
}
Event: 6.199 GC heap after
{Heap after GC invocations=7 (full 0):
 garbage-first heap   total 258048K, used 29856K [0x0000000080000000, 0x0000000100000000)
  region size 1024K, 13 young (13312K), 13 survivors (13312K)
 Metaspace       used 45376K, capacity 46465K, committed 46620K, reserved 1089536K
  class space    used 5755K, capacity 6147K, committed 6220K, reserved 1048576K
}
Event: 8.144 GC heap before
{Heap before GC invocations=7 (full 0):
 garbage-first heap   total 258048K, used 168096K [0x0000000080000000, 0x0000000100000000)
  region size 1024K, 144 young (147456K), 13 survivors (13312K)
 Metaspace       used 54614K, capacity 56094K, committed 56348K, reserved 1097728K
  class space    used 6908K, capacity 7466K, committed 7500K, reserved 1048576K
}
Event: 8.159 GC heap after
{Heap after GC invocations=8 (full 0):
 garbage-first heap   total 258048K, used 44575K [0x0000000080000000, 0x0000000100000000)
  region size 1024K, 18 young (18432K), 18 survivors (18432K)
 Metaspace       used 54614K, capacity 56094K, committed 56348K, reserved 1097728K
  class space    used 6908K, capacity 7466K, committed 7500K, reserved 1048576K
}
Event: 8.718 GC heap before
{Heap before GC invocations=8 (full 0):
 garbage-first heap   total 258048K, used 73247K [0x0000000080000000, 0x0000000100000000)
  region size 1024K, 47 young (48128K), 18 survivors (18432K)
 Metaspace       used 59041K, capacity 60573K, committed 60636K, reserved 1101824K
  class space    used 7455K, capacity 7996K, committed 8012K, reserved 1048576K
}
Event: 8.734 GC heap after
{Heap after GC invocations=9 (full 0):
 garbage-first heap   total 258048K, used 46763K [0x0000000080000000, 0x0000000100000000)
  region size 1024K, 3 young (3072K), 3 survivors (3072K)
 Metaspace       used 59041K, capacity 60573K, committed 60636K, reserved 1101824K
  class space    used 7455K, capacity 7996K, committed 8012K, reserved 1048576K
}
Event: 10.539 GC heap before
{Heap before GC invocations=10 (full 0):
 garbage-first heap   total 258048K, used 193195K [0x0000000080000000, 0x0000000100000000)
  region size 1024K, 139 young (142336K), 3 survivors (3072K)
 Metaspace       used 66508K, capacity 68199K, committed 68264K, reserved 1107968K
  class space    used 8401K, capacity 9001K, committed 9036K, reserved 1048576K
}
Event: 10.551 GC heap after
{Heap after GC invocations=11 (full 0):
 garbage-first heap   total 258048K, used 56043K [0x0000000080000000, 0x0000000100000000)
  region size 1024K, 12 young (12288K), 12 survivors (12288K)
 Metaspace       used 66508K, capacity 68199K, committed 68264K, reserved 1107968K
  class space    used 8401K, capacity 9001K, committed 9036K, reserved 1048576K
}
Event: 12.343 GC heap before
{Heap before GC invocations=11 (full 0):
 garbage-first heap   total 258048K, used 191211K [0x0000000080000000, 0x0000000100000000)
  region size 1024K, 144 young (147456K), 12 survivors (12288K)
 Metaspace       used 77879K, capacity 79745K, committed 80040K, reserved 1118208K
  class space    used 10136K, capacity 10788K, committed 10828K, reserved 1048576K
}
Event: 12.355 GC heap after
{Heap after GC invocations=12 (full 0):
 garbage-first heap   total 258048K, used 65078K [0x0000000080000000, 0x0000000100000000)
  region size 1024K, 9 young (9216K), 9 survivors (9216K)
 Metaspace       used 77879K, capacity 79745K, committed 80040K, reserved 1118208K
  class space    used 10136K, capacity 10788K, committed 10828K, reserved 1048576K
}
Event: 14.048 GC heap before
{Heap before GC invocations=12 (full 0):
 garbage-first heap   total 258048K, used 195126K [0x0000000080000000, 0x0000000100000000)
  region size 1024K, 137 young (140288K), 9 survivors (9216K)
 Metaspace       used 83099K, capacity 85422K, committed 85672K, reserved 1124352K
  class space    used 10895K, capacity 11759K, committed 11852K, reserved 1048576K
}
Event: 14.066 GC heap after
{Heap after GC invocations=13 (full 0):
 garbage-first heap   total 258048K, used 74752K [0x0000000080000000, 0x0000000100000000)
  region size 1024K, 18 young (18432K), 18 survivors (18432K)
 Metaspace       used 83099K, capacity 85422K, committed 85672K, reserved 1124352K
  class space    used 10895K, capacity 11759K, committed 11852K, reserved 1048576K
}
Event: 15.095 GC heap before
{Heap before GC invocations=13 (full 0):
 garbage-first heap   total 258048K, used 200704K [0x0000000080000000, 0x0000000100000000)
  region size 1024K, 140 young (143360K), 18 survivors (18432K)
 Metaspace       used 84931K, capacity 87329K, committed 87592K, reserved 1124352K
  class space    used 11012K, capacity 11893K, committed 11980K, reserved 1048576K
}
Event: 15.121 GC heap after
{Heap after GC invocations=14 (full 0):
 garbage-first heap   total 258048K, used 84710K [0x0000000080000000, 0x0000000100000000)
  region size 1024K, 11 young (11264K), 11 survivors (11264K)
 Metaspace       used 84931K, capacity 87329K, committed 87592K, reserved 1124352K
  class space    used 11012K, capacity 11893K, committed 11980K, reserved 1048576K
}
Event: 16.446 GC heap before
{Heap before GC invocations=14 (full 0):
 garbage-first heap   total 258048K, used 201446K [0x0000000080000000, 0x0000000100000000)
  region size 1024K, 126 young (129024K), 11 survivors (11264K)
 Metaspace       used 90189K, capacity 92553K, committed 92840K, reserved 1130496K
  class space    used 11660K, capacity 12517K, committed 12620K, reserved 1048576K
}
Event: 16.459 GC heap after
{Heap after GC invocations=15 (full 0):
 garbage-first heap   total 258048K, used 90704K [0x0000000080000000, 0x0000000100000000)
  region size 1024K, 7 young (7168K), 7 survivors (7168K)
 Metaspace       used 90189K, capacity 92553K, committed 92840K, reserved 1130496K
  class space    used 11660K, capacity 12517K, committed 12620K, reserved 1048576K
}

Deoptimization events (20 events):
Event: 16.489 Thread 0x000002321cd69800 DEOPT PACKING pc=0x000002320815f50c sp=0x000000daa0afcf40
Event: 16.489 Thread 0x000002321cd69800 DEOPT UNPACKING pc=0x00000232000085af sp=0x000000daa0afcf38 mode 2
Event: 16.500 Thread 0x000002321cd69800 DEOPT PACKING pc=0x0000023201b68dd5 sp=0x000000daa0afabe0
Event: 16.500 Thread 0x000002321cd69800 DEOPT UNPACKING pc=0x0000023200049d0e sp=0x000000daa0afa100 mode 0
Event: 16.505 Thread 0x000002321cd69800 Uncommon trap: trap_request=0xffffffd6 fr.pc=0x00000232080f9b10 relative=0x00000000000008d0
Event: 16.505 Thread 0x000002321cd69800 Uncommon trap: reason=array_check action=maybe_recompile pc=0x00000232080f9b10 method=java.util.TimSort.binarySort([Ljava/lang/Object;IIILjava/util/Comparator;)V @ 183 c2
Event: 16.505 Thread 0x000002321cd69800 DEOPT PACKING pc=0x00000232080f9b10 sp=0x000000daa0afa900
Event: 16.505 Thread 0x000002321cd69800 DEOPT UNPACKING pc=0x00000232000085af sp=0x000000daa0afa8a8 mode 2
Event: 16.505 Thread 0x000002321cd69800 Uncommon trap: trap_request=0xffffff7e fr.pc=0x00000232081f2b10 relative=0x0000000000000af0
Event: 16.505 Thread 0x000002321cd69800 Uncommon trap: reason=predicate action=maybe_recompile pc=0x00000232081f2b10 method=com.google.common.collect.RegularImmutableMap.fromEntryArray(I[Ljava/util/Map$Entry;)Lcom/google/common/collect/ImmutableMap; @ 59 c2
Event: 16.505 Thread 0x000002321cd69800 DEOPT PACKING pc=0x00000232081f2b10 sp=0x000000daa0afa7e0
Event: 16.505 Thread 0x000002321cd69800 DEOPT UNPACKING pc=0x00000232000085af sp=0x000000daa0afa788 mode 2
Event: 16.506 Thread 0x000002321cd69800 Uncommon trap: trap_request=0xffffffde fr.pc=0x000002320815f50c relative=0x0000000000002f4c
Event: 16.506 Thread 0x000002321cd69800 Uncommon trap: reason=class_check action=maybe_recompile pc=0x000002320815f50c method=org.gradle.internal.snapshot.impl.AbstractValueProcessor.processValue(Ljava/lang/Object;Lorg/gradle/internal/snapshot/impl/AbstractValueProcessor$ValueVisitor;)Ljava/lan
Event: 16.506 Thread 0x000002321cd69800 DEOPT PACKING pc=0x000002320815f50c sp=0x000000daa0afacd0
Event: 16.506 Thread 0x000002321cd69800 DEOPT UNPACKING pc=0x00000232000085af sp=0x000000daa0afacc8 mode 2
Event: 16.575 Thread 0x000002321b69e000 Uncommon trap: trap_request=0xffffff4d fr.pc=0x00000232080d0830 relative=0x0000000000000090
Event: 16.575 Thread 0x000002321b69e000 Uncommon trap: reason=unstable_if action=reinterpret pc=0x00000232080d0830 method=com.google.common.cache.LongAdder.add(J)V @ 24 c2
Event: 16.575 Thread 0x000002321b69e000 DEOPT PACKING pc=0x00000232080d0830 sp=0x000000da9e7fb460
Event: 16.575 Thread 0x000002321b69e000 DEOPT UNPACKING pc=0x00000232000085af sp=0x000000da9e7fb3a0 mode 2

Classes redefined (0 events):
No events

Internal exceptions (20 events):
Event: 13.173 Thread 0x000002321cd68000 Exception <a 'java/lang/NoSuchMethodError'{0x000000008c7a3040}: <clinit>> (0x000000008c7a3040) thrown at [./src/hotspot/share/prims/jni.cpp, line 1366]
Event: 13.175 Thread 0x000002321cd68000 Exception <a 'java/lang/NoSuchMethodError'{0x000000008c7d3e20}: <clinit>> (0x000000008c7d3e20) thrown at [./src/hotspot/share/prims/jni.cpp, line 1366]
Event: 13.176 Thread 0x000002321cd68000 Exception <a 'java/lang/NoSuchMethodError'{0x000000008c62a2a0}: 'void java.lang.invoke.DirectMethodHandle$Holder.invokeSpecial(java.lang.Object, java.lang.Object, java.lang.Object, int)'> (0x000000008c62a2a0) thrown at [./src/hotspot/share/interpreter/linkResolver.cpp, line 773]
Event: 13.182 Thread 0x000002321cd65800 Exception <a 'java/lang/NoSuchMethodError'{0x000000008c691378}: 'int java.lang.invoke.DirectMethodHandle$Holder.invokeSpecial(java.lang.Object, java.lang.Object, java.lang.Object, java.lang.Object, java.lang.Object)'> (0x000000008c691378) thrown at [./src/hotspot/share/interpreter/linkResolver.cpp, line 773]
Event: 13.522 Thread 0x000002321cd65800 Exception <a 'java/lang/NoSuchMethodError'{0x000000008b657080}: 'void java.lang.invoke.DirectMethodHandle$Holder.invokeStatic(java.lang.Object, java.lang.Object, java.lang.Object, java.lang.Object, int, java.lang.Object, java.lang.Object)'> (0x000000008b657080) thrown at [./src/hotspot/share/interpreter/linkResolver.cpp, line 773]
Event: 13.560 Thread 0x000002321be57800 Exception <a 'java/lang/NoSuchMethodError'{0x000000008abf9b08}: 'java.lang.Object java.lang.invoke.DirectMethodHandle$Holder.invokeSpecialIFC(java.lang.Object, java.lang.Object, java.lang.Object)'> (0x000000008abf9b08) thrown at [./src/hotspot/share/interpreter/linkResolver.cpp, line 773]
Event: 13.560 Thread 0x0000023219f00800 Exception <a 'java/lang/NoSuchMethodError'{0x000000008ab40af0}: 'java.lang.Object java.lang.invoke.DirectMethodHandle$Holder.invokeSpecialIFC(java.lang.Object, java.lang.Object, java.lang.Object)'> (0x000000008ab40af0) thrown at [./src/hotspot/share/interpreter/linkResolver.cpp, line 773]
Event: 13.560 Thread 0x000002321be53000 Exception <a 'java/lang/NoSuchMethodError'{0x000000008abb2ed0}: 'java.lang.Object java.lang.invoke.DirectMethodHandle$Holder.invokeSpecialIFC(java.lang.Object, java.lang.Object, java.lang.Object)'> (0x000000008abb2ed0) thrown at [./src/hotspot/share/interpreter/linkResolver.cpp, line 773]
Event: 13.560 Thread 0x000002321b69b800 Exception <a 'java/lang/NoSuchMethodError'{0x000000008b423570}: 'java.lang.Object java.lang.invoke.DirectMethodHandle$Holder.invokeSpecialIFC(java.lang.Object, java.lang.Object, java.lang.Object)'> (0x000000008b423570) thrown at [./src/hotspot/share/interpreter/linkResolver.cpp, line 773]
Event: 13.560 Thread 0x000002321be53800 Exception <a 'java/lang/NoSuchMethodError'{0x000000008ab6a4a8}: 'java.lang.Object java.lang.invoke.DirectMethodHandle$Holder.invokeSpecialIFC(java.lang.Object, java.lang.Object, java.lang.Object)'> (0x000000008ab6a4a8) thrown at [./src/hotspot/share/interpreter/linkResolver.cpp, line 773]
Event: 13.561 Thread 0x000002321be56000 Exception <a 'java/lang/NoSuchMethodError'{0x000000008aa067f8}: 'java.lang.Object java.lang.invoke.DirectMethodHandle$Holder.invokeSpecialIFC(java.lang.Object, java.lang.Object, java.lang.Object)'> (0x000000008aa067f8) thrown at [./src/hotspot/share/interpreter/linkResolver.cpp, line 773]
Event: 13.561 Thread 0x0000023217c7f000 Exception <a 'java/lang/NoSuchMethodError'{0x000000008abe29b8}: 'java.lang.Object java.lang.invoke.DirectMethodHandle$Holder.invokeSpecialIFC(java.lang.Object, java.lang.Object, java.lang.Object)'> (0x000000008abe29b8) thrown at [./src/hotspot/share/interpreter/linkResolver.cpp, line 773]
Event: 13.561 Thread 0x000002321cd65800 Exception <a 'java/lang/NoSuchMethodError'{0x000000008ab881b0}: 'java.lang.Object java.lang.invoke.DirectMethodHandle$Holder.invokeSpecialIFC(java.lang.Object, java.lang.Object, java.lang.Object)'> (0x000000008ab881b0) thrown at [./src/hotspot/share/interpreter/linkResolver.cpp, line 773]
Event: 14.220 Thread 0x0000023219f03800 Implicit null exception at 0x00000232080d265b to 0x00000232080d26ec
Event: 14.449 Thread 0x0000023219efe000 Exception <a 'java/lang/NoSuchMethodError'{0x000000008f8f50f8}: 'void java.lang.invoke.DirectMethodHandle$Holder.invokeVirtual(java.lang.Object, java.lang.Object)'> (0x000000008f8f50f8) thrown at [./src/hotspot/share/interpreter/linkResolver.cpp, line 773]
Event: 14.483 Thread 0x000002321cd65800 Exception <a 'java/lang/NoSuchMethodError'{0x000000008cd06c10}: 'void java.lang.invoke.DirectMethodHandle$Holder.invokeInterface(java.lang.Object, java.lang.Object, java.lang.Object, java.lang.Object)'> (0x000000008cd06c10) thrown at [./src/hotspot/share/interpreter/linkResolver.cpp, line 773]
Event: 14.637 Thread 0x000002321be4d000 Implicit null exception at 0x0000023208110bde to 0x00000232081113e8
Event: 15.398 Thread 0x000002321cd65800 Implicit null exception at 0x0000023207e2f014 to 0x0000023207e2f654
Event: 15.602 Thread 0x000002321cd65800 Exception <a 'java/lang/NoSuchMethodError'{0x000000008e5849c0}: 'java.lang.Object java.lang.invoke.DirectMethodHandle$Holder.newInvokeSpecial(java.lang.Object, java.lang.Object, java.lang.Object, java.lang.Object)'> (0x000000008e5849c0) thrown at [./src/hotspot/share/interpreter/linkResolver.cpp, line 773]
Event: 15.610 Thread 0x00000232181db800 Exception <a 'java/lang/NoSuchMethodError'{0x000000008e4bb3a8}: <clinit>> (0x000000008e4bb3a8) thrown at [./src/hotspot/share/prims/jni.cpp, line 1366]

Events (20 events):
Event: 16.611 loading class org/gradle/internal/file/impl/DefaultDeleter$Handling$2
Event: 16.611 loading class org/gradle/internal/file/impl/DefaultDeleter$Handling$2 done
Event: 16.611 loading class org/gradle/internal/file/impl/DefaultDeleter$Handling$3
Event: 16.611 loading class org/gradle/internal/file/impl/DefaultDeleter$Handling$3 done
Event: 16.611 loading class org/gradle/internal/file/impl/DefaultDeleter$Handling$4
Event: 16.611 loading class org/gradle/internal/file/impl/DefaultDeleter$Handling$4 done
Event: 16.612 loading class com/android/build/gradle/internal/tasks/NewIncrementalTask$taskAction$$inlined$recordTaskAction$1
Event: 16.612 loading class com/android/build/gradle/internal/tasks/NewIncrementalTask$taskAction$$inlined$recordTaskAction$1 done
Event: 16.614 loading class com/android/builder/dexing/DexUtilsKt
Event: 16.614 loading class com/android/builder/dexing/DexUtilsKt done
Event: 16.615 loading class com/android/builder/dexing/DexUtilsKt$isJarFile$1
Event: 16.615 loading class com/android/builder/dexing/DexUtilsKt$isJarFile$1 done
Event: 16.635 loading class com/android/build/gradle/internal/tasks/DexMergingTaskDelegate
Event: 16.635 loading class com/android/build/gradle/internal/tasks/DexMergingTaskDelegate done
Event: 16.635 loading class com/android/build/gradle/internal/profile/ProfileAwareWorkAction
Event: 16.635 loading class com/android/build/gradle/internal/profile/ProfileAwareWorkAction done
Event: 16.636 loading class com/android/build/gradle/internal/tasks/DexMergingTask$doTaskAction$1
Event: 16.636 loading class com/android/build/gradle/internal/tasks/DexMergingTask$doTaskAction$1 done
Event: 16.636 loading class com/android/build/gradle/internal/tasks/DexMergingTaskDelegate$Params
Event: 16.636 loading class com/android/build/gradle/internal/tasks/DexMergingTaskDelegate$Params done


Dynamic libraries:
0x00007ff7ba0f0000 - 0x00007ff7ba0fa000 	C:\Program Files\Android\Android Studio\jre\bin\java.exe
0x00007ffc59cd0000 - 0x00007ffc59ee4000 	C:\WINDOWS\SYSTEM32\ntdll.dll
0x00007ffc588a0000 - 0x00007ffc58963000 	C:\WINDOWS\System32\KERNEL32.DLL
0x00007ffc574d0000 - 0x00007ffc5786c000 	C:\WINDOWS\System32\KERNELBASE.dll
0x00007ffc579c0000 - 0x00007ffc57ad1000 	C:\WINDOWS\System32\ucrtbase.dll
0x00007ffc53b40000 - 0x00007ffc53b59000 	C:\Program Files\Android\Android Studio\jre\bin\jli.dll
0x00007ffc53b60000 - 0x00007ffc53b77000 	C:\Program Files\Android\Android Studio\jre\bin\VCRUNTIME140.dll
0x00007ffc59180000 - 0x00007ffc5932d000 	C:\WINDOWS\System32\USER32.dll
0x00007ffc57990000 - 0x00007ffc579b6000 	C:\WINDOWS\System32\win32u.dll
0x00007ffc42390000 - 0x00007ffc4261e000 	C:\WINDOWS\WinSxS\amd64_microsoft.windows.common-controls_6595b64144ccf1df_6.0.22621.608_none_a9444ca7c10bb01d\COMCTL32.dll
0x00007ffc590d0000 - 0x00007ffc590f9000 	C:\WINDOWS\System32\GDI32.dll
0x00007ffc59be0000 - 0x00007ffc59c87000 	C:\WINDOWS\System32\msvcrt.dll
0x00007ffc57870000 - 0x00007ffc57982000 	C:\WINDOWS\System32\gdi32full.dll
0x00007ffc57110000 - 0x00007ffc571aa000 	C:\WINDOWS\System32\msvcp_win.dll
0x00007ffc58b80000 - 0x00007ffc58bb2000 	C:\WINDOWS\System32\IMM32.DLL
0x00007ffc36ca0000 - 0x00007ffc36d3d000 	C:\Program Files\Android\Android Studio\jre\bin\msvcp140.dll
0x00007ffbeb150000 - 0x00007ffbebc52000 	C:\Program Files\Android\Android Studio\jre\bin\server\jvm.dll
0x00007ffc58970000 - 0x00007ffc58a1e000 	C:\WINDOWS\System32\ADVAPI32.dll
0x00007ffc58310000 - 0x00007ffc583b4000 	C:\WINDOWS\System32\sechost.dll
0x00007ffc581f0000 - 0x00007ffc58305000 	C:\WINDOWS\System32\RPCRT4.dll
0x00007ffc59330000 - 0x00007ffc59338000 	C:\WINDOWS\System32\PSAPI.DLL
0x00007ffc4dc10000 - 0x00007ffc4dc44000 	C:\WINDOWS\SYSTEM32\WINMM.dll
0x00007ffc2d970000 - 0x00007ffc2d979000 	C:\WINDOWS\SYSTEM32\WSOCK32.dll
0x00007ffc4db50000 - 0x00007ffc4db5a000 	C:\WINDOWS\SYSTEM32\VERSION.dll
0x00007ffc57ae0000 - 0x00007ffc57b51000 	C:\WINDOWS\System32\WS2_32.dll
0x00007ffc56130000 - 0x00007ffc56148000 	C:\WINDOWS\SYSTEM32\kernel.appcore.dll
0x00007ffc40b60000 - 0x00007ffc40b71000 	C:\Program Files\Android\Android Studio\jre\bin\verify.dll
0x00007ffc54a20000 - 0x00007ffc54c4e000 	C:\WINDOWS\SYSTEM32\DBGHELP.DLL
0x00007ffc58cc0000 - 0x00007ffc5904a000 	C:\WINDOWS\System32\combase.dll
0x00007ffc57b60000 - 0x00007ffc57c37000 	C:\WINDOWS\System32\OLEAUT32.dll
0x00007ffc51d20000 - 0x00007ffc51d52000 	C:\WINDOWS\SYSTEM32\dbgcore.DLL
0x00007ffc57270000 - 0x00007ffc572eb000 	C:\WINDOWS\System32\bcryptPrimitives.dll
0x00007ffc3dec0000 - 0x00007ffc3dee9000 	C:\Program Files\Android\Android Studio\jre\bin\java.dll
0x00007ffc51890000 - 0x00007ffc5189b000 	C:\Program Files\Android\Android Studio\jre\bin\jimage.dll
0x00007ffc40b30000 - 0x00007ffc40b48000 	C:\Program Files\Android\Android Studio\jre\bin\zip.dll
0x00007ffc59340000 - 0x00007ffc59b2f000 	C:\WINDOWS\System32\SHELL32.dll
0x00007ffc550e0000 - 0x00007ffc559a8000 	C:\WINDOWS\SYSTEM32\windows.storage.dll
0x00007ffc54fa0000 - 0x00007ffc550de000 	C:\WINDOWS\SYSTEM32\wintypes.dll
0x00007ffc58a20000 - 0x00007ffc58b11000 	C:\WINDOWS\System32\SHCORE.dll
0x00007ffc58b20000 - 0x00007ffc58b7e000 	C:\WINDOWS\System32\shlwapi.dll
0x00007ffc57040000 - 0x00007ffc57061000 	C:\WINDOWS\SYSTEM32\profapi.dll
0x00007ffc35e80000 - 0x00007ffc35e9a000 	C:\Program Files\Android\Android Studio\jre\bin\net.dll
0x00007ffc4da10000 - 0x00007ffc4db3f000 	C:\WINDOWS\SYSTEM32\WINHTTP.dll
0x00007ffc56640000 - 0x00007ffc566a9000 	C:\WINDOWS\system32\mswsock.dll
0x00007ffc35e60000 - 0x00007ffc35e74000 	C:\Program Files\Android\Android Studio\jre\bin\nio.dll
0x00007ffc34cd0000 - 0x00007ffc34cf7000 	C:\Program Files\Android\gradle-6.9.3-all\native\e1d6ef7f7dcc3fd88c89a11ec53ec762bb8ba0a96d01ffa2cd45eb1d1d8dd5c5\windows-amd64\native-platform.dll
0x00007ffc04320000 - 0x00007ffc04464000 	C:\Program Files\Android\gradle-6.9.3-all\native\0d407fdbe67a94daf76414ababcb853783967236a71b16ec16e742cd7a986fd3\windows-amd64\native-platform-file-events.dll
0x00007ffc42dc0000 - 0x00007ffc42dca000 	C:\Program Files\Android\Android Studio\jre\bin\management.dll
0x00007ffc3df20000 - 0x00007ffc3df2d000 	C:\Program Files\Android\Android Studio\jre\bin\management_ext.dll
0x00007ffc568a0000 - 0x00007ffc568bb000 	C:\WINDOWS\SYSTEM32\CRYPTSP.dll
0x00007ffc560a0000 - 0x00007ffc560d5000 	C:\WINDOWS\system32\rsaenh.dll
0x00007ffc56730000 - 0x00007ffc56758000 	C:\WINDOWS\SYSTEM32\USERENV.dll
0x00007ffc56ab0000 - 0x00007ffc56ad8000 	C:\WINDOWS\SYSTEM32\bcrypt.dll
0x00007ffc568c0000 - 0x00007ffc568cc000 	C:\WINDOWS\SYSTEM32\CRYPTBASE.dll
0x00007ffc55c40000 - 0x00007ffc55c6d000 	C:\WINDOWS\SYSTEM32\IPHLPAPI.DLL
0x00007ffc58890000 - 0x00007ffc58899000 	C:\WINDOWS\System32\NSI.dll
0x00007ffc4cb40000 - 0x00007ffc4cb59000 	C:\WINDOWS\SYSTEM32\dhcpcsvc6.DLL
0x00007ffc4cb20000 - 0x00007ffc4cb3f000 	C:\WINDOWS\SYSTEM32\dhcpcsvc.DLL
0x00007ffc55cc0000 - 0x00007ffc55db3000 	C:\WINDOWS\SYSTEM32\DNSAPI.dll

dbghelp: loaded successfully - version: 4.0.5 - missing functions: none
symbol engine: initialized successfully - sym options: 0x614 - pdb path: .;C:\Program Files\Android\Android Studio\jre\bin;C:\WINDOWS\SYSTEM32;C:\WINDOWS\WinSxS\amd64_microsoft.windows.common-controls_6595b64144ccf1df_6.0.22621.608_none_a9444ca7c10bb01d;C:\Program Files\Android\Android Studio\jre\bin\server;C:\Program Files\Android\gradle-6.9.3-all\native\e1d6ef7f7dcc3fd88c89a11ec53ec762bb8ba0a96d01ffa2cd45eb1d1d8dd5c5\windows-amd64;C:\Program Files\Android\gradle-6.9.3-all\native\0d407fdbe67a94daf76414ababcb853783967236a71b16ec16e742cd7a986fd3\windows-amd64

VM Arguments:
jvm_args: --add-opens=java.base/java.util=ALL-UNNAMED --add-opens=java.base/java.lang=ALL-UNNAMED --add-opens=java.base/java.lang.invoke=ALL-UNNAMED --add-opens=java.base/java.util=ALL-UNNAMED --add-opens=java.prefs/java.util.prefs=ALL-UNNAMED --add-opens=java.prefs/java.util.prefs=ALL-UNNAMED --add-opens=java.base/java.nio.charset=ALL-UNNAMED --add-opens=java.base/java.net=ALL-UNNAMED --add-opens=java.base/java.util.concurrent.atomic=ALL-UNNAMED -Xmx2048m -Dfile.encoding=UTF-8 -Duser.country=GB -Duser.language=en -Duser.variant 
java_command: org.gradle.launcher.daemon.bootstrap.GradleDaemon 7.4
java_class_path (initial): C:\Program Files\Android\gradle-6.9.3-all\wrapper\dists\gradle-7.4-bin\c0gwcg53nkjbqw7r0h0umtfvt\gradle-7.4\lib\gradle-launcher-7.4.jar
Launcher Type: SUN_STANDARD

[Global flags]
     intx CICompilerCount                          = 4                                         {product} {ergonomic}
     uint ConcGCThreads                            = 2                                         {product} {ergonomic}
     uint G1ConcRefinementThreads                  = 8                                         {product} {ergonomic}
   size_t G1HeapRegionSize                         = 1048576                                   {product} {ergonomic}
    uintx GCDrainStackTargetSize                   = 64                                        {product} {ergonomic}
   size_t InitialHeapSize                          = 264241152                                 {product} {ergonomic}
   size_t MarkStackSize                            = 4194304                                   {product} {ergonomic}
   size_t MaxHeapSize                              = 2147483648                                {product} {command line}
   size_t MaxNewSize                               = 1287651328                                {product} {ergonomic}
   size_t MinHeapDeltaBytes                        = 1048576                                   {product} {ergonomic}
    uintx NonNMethodCodeHeapSize                   = 5836300                                {pd product} {ergonomic}
    uintx NonProfiledCodeHeapSize                  = 122910970                              {pd product} {ergonomic}
    uintx ProfiledCodeHeapSize                     = 122910970                              {pd product} {ergonomic}
    uintx ReservedCodeCacheSize                    = 251658240                              {pd product} {ergonomic}
     bool SegmentedCodeCache                       = true                                      {product} {ergonomic}
     bool UseCompressedClassPointers               = true                                 {lp64_product} {ergonomic}
     bool UseCompressedOops                        = true                                 {lp64_product} {ergonomic}
     bool UseG1GC                                  = true                                      {product} {ergonomic}
     bool UseLargePagesIndividualAllocation        = false                                  {pd product} {ergonomic}

Logging:
Log output configuration:
 #0: stdout all=warning uptime,level,tags
 #1: stderr all=off uptime,level,tags

Environment Variables:
PATH=C:\Program Files (x86)\Common Files\Oracle\Java\javapath;C:\Program Files\Microsoft\jdk-11.0.12.7-hotspot\bin;C:\Windows\system32;C:\Windows;C:\Windows\System32\Wbem;C:\Windows\System32\WindowsPowerShell\v1.0\;C:\Windows\System32\OpenSSH\;C:\Program Files\dotnet\;C:\Program Files\Microsoft SQL Server\150\Tools\Binn\;C:\Program Files\Microsoft SQL Server\Client SDK\ODBC\170\Tools\Binn\;C:\WINDOWS\system32;C:\WINDOWS;C:\WINDOWS\System32\Wbem;C:\WINDOWS\System32\WindowsPowerShell\v1.0\;C:\WINDOWS\System32\OpenSSH\;C:\Users\Monjolajesu\AppData\Local\Microsoft\WindowsApps;C:\Users\Monjolajesu\.dotnet\tools;
USERNAME=Monjolajesu
OS=Windows_NT
PROCESSOR_IDENTIFIER=Intel64 Family 6 Model 140 Stepping 2, GenuineIntel



---------------  S Y S T E M  ---------------

OS: Windows 11 , 64 bit Build 22621 (10.0.22621.1194)
OS uptime: 17 days 19:46 hours
Hyper-V role detected

CPU:total 8 (initial active 8) (4 cores per cpu, 2 threads per core) family 6 model 140 stepping 2 microcode 0x16, cmov, cx8, fxsr, mmx, sse, sse2, sse3, ssse3, sse4.1, sse4.2, popcnt, avx, avx2, aes, clmul, erms, 3dnowpref, lzcnt, ht, tsc, tscinvbit, bmi1, bmi2, adx, evex, sha, fma

Memory: 4k page, system-wide physical 16122M (405M free)
TotalPageFile size 65274M (AvailPageFile size 3M)
current process WorkingSet (physical memory assigned to process): 523M, peak: 523M
current process commit charge ("private bytes"): 571M, peak: 572M

vm_info: OpenJDK 64-Bit Server VM (11.0.13+0-b1751.21-8125866) for windows-amd64 JRE (11.0.13+0-b1751.21-8125866), built on Feb  2 2022 03:00:22 by "builder" with MS VC++ 14.0 (VS2015)

END.
